Using pre-set license
Built from '2022.3/staging' branch; Version is '2022.3.50f1 (c3db7f8bf9b1) revision 12835711'; Using compiler version '192829333'; Build Type 'Release'
OS: 'Windows 11  (10.0.26100) 64bit CoreSingleLanguage' Language: 'en' Physical Memory: 14020 MB
BatchMode: 1, IsHumanControllingUs: 0, StartBugReporterOnCrash: 0, Is64bit: 1, IsPro: 1

COMMAND LINE ARGUMENTS:
D:\2022.3.50f1\Editor\Unity.exe
-adb2
-batchMode
-noUpm
-name
AssetImportWorker0
-projectPath
D:/Unity 2D/I-Jam-2025
-logFile
Logs/AssetImportWorker0.log
-srvPort
50997
Successfully changed project path to: D:/Unity 2D/I-Jam-2025
D:/Unity 2D/I-Jam-2025
[UnityMemory] Configuration Parameters - Can be set up in boot.config
    "memorysetup-bucket-allocator-granularity=16"
    "memorysetup-bucket-allocator-bucket-count=8"
    "memorysetup-bucket-allocator-block-size=33554432"
    "memorysetup-bucket-allocator-block-count=8"
    "memorysetup-main-allocator-block-size=16777216"
    "memorysetup-thread-allocator-block-size=16777216"
    "memorysetup-gfx-main-allocator-block-size=16777216"
    "memorysetup-gfx-thread-allocator-block-size=16777216"
    "memorysetup-cache-allocator-block-size=4194304"
    "memorysetup-typetree-allocator-block-size=2097152"
    "memorysetup-profiler-bucket-allocator-granularity=16"
    "memorysetup-profiler-bucket-allocator-bucket-count=8"
    "memorysetup-profiler-bucket-allocator-block-size=33554432"
    "memorysetup-profiler-bucket-allocator-block-count=8"
    "memorysetup-profiler-allocator-block-size=16777216"
    "memorysetup-profiler-editor-allocator-block-size=1048576"
    "memorysetup-temp-allocator-size-main=16777216"
    "memorysetup-job-temp-allocator-block-size=2097152"
    "memorysetup-job-temp-allocator-block-size-background=1048576"
    "memorysetup-job-temp-allocator-reduction-small-platforms=262144"
    "memorysetup-allocator-temp-initial-block-size-main=262144"
    "memorysetup-allocator-temp-initial-block-size-worker=262144"
    "memorysetup-temp-allocator-size-background-worker=32768"
    "memorysetup-temp-allocator-size-job-worker=262144"
    "memorysetup-temp-allocator-size-preload-manager=33554432"
    "memorysetup-temp-allocator-size-nav-mesh-worker=65536"
    "memorysetup-temp-allocator-size-audio-worker=65536"
    "memorysetup-temp-allocator-size-cloud-worker=32768"
    "memorysetup-temp-allocator-size-gi-baking-worker=262144"
    "memorysetup-temp-allocator-size-gfx=262144"
Player connection [23468]  Target information:

Player connection [23468]  * "[IP] 172.72.155.164 [Port] 0 [Flags] 2 [Guid] 4196979688 [EditorId] 4196979688 [Version] 1048832 [Id] WindowsEditor(7,Thuan) [Debug] 1 [PackageName] WindowsEditor [ProjectName] Editor" 

Player connection [23468] Host joined multi-casting on [225.0.0.222:54997]...
Player connection [23468] Host joined alternative multi-casting on [225.0.0.222:34997]...
[PhysX] Initialized MultithreadedTaskDispatcher with 12 workers.
Refreshing native plugins compatible for Editor in 8.39 ms, found 4 plugins.
Preloading 0 native plugins for Editor in 0.00 ms.
Initialize engine version: 2022.3.50f1 (c3db7f8bf9b1)
[Subsystems] Discovering subsystems at path D:/2022.3.50f1/Editor/Data/Resources/UnitySubsystems
[Subsystems] Discovering subsystems at path D:/Unity 2D/I-Jam-2025/Assets
GfxDevice: creating device client; threaded=0; jobified=0
Direct3D:
    Version:  Direct3D 11.0 [level 11.1]
    Renderer: NVIDIA GeForce GTX 1650 (ID=0x1fdd)
    Vendor:   NVIDIA
    VRAM:     3950 MB
    Driver:   31.0.15.3188
Initialize mono
Mono path[0] = 'D:/2022.3.50f1/Editor/Data/Managed'
Mono path[1] = 'D:/2022.3.50f1/Editor/Data/MonoBleedingEdge/lib/mono/unityjit-win32'
Mono config path = 'D:/2022.3.50f1/Editor/Data/MonoBleedingEdge/etc'
Using monoOptions --debugger-agent=transport=dt_socket,embedding=1,server=y,suspend=n,address=127.0.0.1:56868
Begin MonoManager ReloadAssembly
Registering precompiled unity dll's ...
Register platform support module: D:/2022.3.50f1/Editor/Data/PlaybackEngines/AndroidPlayer/UnityEditor.Android.Extensions.dll
Register platform support module: D:/2022.3.50f1/Editor/Data/PlaybackEngines/iOSSupport/UnityEditor.iOS.Extensions.dll
Register platform support module: D:/2022.3.50f1/Editor/Data/PlaybackEngines/WindowsStandaloneSupport/UnityEditor.WindowsStandalone.Extensions.dll
Registered in 0.004045 seconds.
- Loaded All Assemblies, in  0.356 seconds
Native extension for WindowsStandalone target not found
[usbmuxd] Start listen thread
[usbmuxd] Listen thread started
Native extension for iOS target not found
Native extension for Android target not found
Android Extension - Scanning For ADB Devices 331 ms
Mono: successfully reloaded assembly
- Finished resetting the current domain, in  0.634 seconds
Domain Reload Profiling: 990ms
	BeginReloadAssembly (108ms)
		ExecutionOrderSort (0ms)
		DisableScriptedObjects (0ms)
		BackupInstance (0ms)
		ReleaseScriptingObjects (0ms)
		CreateAndSetChildDomain (1ms)
	RebuildCommonClasses (36ms)
	RebuildNativeTypeToScriptingClass (9ms)
	initialDomainReloadingComplete (49ms)
	LoadAllAssembliesAndSetupDomain (152ms)
		LoadAssemblies (109ms)
		RebuildTransferFunctionScriptingTraits (0ms)
		AnalyzeDomain (149ms)
			TypeCache.Refresh (147ms)
				TypeCache.ScanAssembly (133ms)
			ScanForSourceGeneratedMonoScriptInfo (1ms)
			ResolveRequiredComponents (0ms)
	FinalizeReload (635ms)
		ReleaseScriptCaches (0ms)
		RebuildScriptCaches (0ms)
		SetupLoadedEditorAssemblies (584ms)
			LogAssemblyErrors (0ms)
			InitializePlatformSupportModulesInManaged (417ms)
			SetLoadedEditorAssemblies (5ms)
			RefreshPlugins (0ms)
			BeforeProcessingInitializeOnLoad (3ms)
			ProcessInitializeOnLoadAttributes (120ms)
			ProcessInitializeOnLoadMethodAttributes (40ms)
			AfterProcessingInitializeOnLoad (0ms)
			EditorAssembliesLoaded (0ms)
		ExecutionOrderSort2 (0ms)
		AwakeInstancesAfterBackupRestoration (0ms)
========================================================================
Worker process is ready to serve import requests
Caller must complete domain reload
Begin MonoManager ReloadAssembly
- Loaded All Assemblies, in  0.566 seconds
Native extension for WindowsStandalone target not found
Native extension for iOS target not found
Native extension for Android target not found
Mono: successfully reloaded assembly
- Finished resetting the current domain, in  0.568 seconds
Domain Reload Profiling: 1135ms
	BeginReloadAssembly (142ms)
		ExecutionOrderSort (0ms)
		DisableScriptedObjects (6ms)
		BackupInstance (0ms)
		ReleaseScriptingObjects (0ms)
		CreateAndSetChildDomain (28ms)
	RebuildCommonClasses (32ms)
	RebuildNativeTypeToScriptingClass (10ms)
	initialDomainReloadingComplete (39ms)
	LoadAllAssembliesAndSetupDomain (343ms)
		LoadAssemblies (270ms)
		RebuildTransferFunctionScriptingTraits (0ms)
		AnalyzeDomain (151ms)
			TypeCache.Refresh (127ms)
				TypeCache.ScanAssembly (112ms)
			ScanForSourceGeneratedMonoScriptInfo (17ms)
			ResolveRequiredComponents (4ms)
	FinalizeReload (569ms)
		ReleaseScriptCaches (0ms)
		RebuildScriptCaches (0ms)
		SetupLoadedEditorAssemblies (419ms)
			LogAssemblyErrors (0ms)
			InitializePlatformSupportModulesInManaged (22ms)
			SetLoadedEditorAssemblies (5ms)
			RefreshPlugins (0ms)
			BeforeProcessingInitializeOnLoad (61ms)
			ProcessInitializeOnLoadAttributes (294ms)
			ProcessInitializeOnLoadMethodAttributes (35ms)
			AfterProcessingInitializeOnLoad (3ms)
			EditorAssembliesLoaded (0ms)
		ExecutionOrderSort2 (0ms)
		AwakeInstancesAfterBackupRestoration (7ms)
Launched and connected shader compiler UnityShaderCompiler.exe after 0.04 seconds
Refreshing native plugins compatible for Editor in 2.53 ms, found 4 plugins.
Preloading 0 native plugins for Editor in 0.00 ms.
Unloading 3979 Unused Serialized files (Serialized files now loaded: 0)
Unloading 38 unused Assets / (241.6 KB). Loaded Objects now: 4444.
Memory consumption went from 140.0 MB to 139.8 MB.
Total: 4.075600 ms (FindLiveObjects: 0.396300 ms CreateObjectMapping: 0.162000 ms MarkObjects: 3.257300 ms  DeleteObjects: 0.258900 ms)

AssetImportParameters requested are different than current active one (requested -> active):
  custom:container-demuxer-ogg: 62fdf1f143b41e24485cea50d1cbac27 -> 
  custom:video-codec-MediaFoundation-h265: 746d11721c4dcdbdad8f713fa42b33f4 -> 
  custom:video-decoder-ogg-theora: a1e56fd34408186e4bbccfd4996cb3dc -> 
  custom:framework-win-MediaFoundation: 216162199b28c13a410421893ffa2e32 -> 
  custom:CustomObjectIndexerAttribute: 9a22284fe3817be447336de3de66b15e -> 
  custom:container-demuxer-webm: 4f35f7cbe854078d1ac9338744f61a02 -> 
  custom:container-muxer-webm: aa71ff27fc2769a1b78a27578f13a17b -> 
  custom:video-decoder-webm-vp8: 9c59270c3fd7afecdb556c50c9e8de78 -> 
  custom:SearchIndexIgnoredProperties: e643bd26f0fe6173181afceb89e7c659 -> 
  custom:AudioImporter_EditorPlatform: d09bf68614088b80899f8185d706f6e7 -> 
  custom:video-encoder-webm-vp8: eb34c28f22e8b96e1ab97ce403110664 -> 
  custom:audio-decoder-ogg-vorbis: bf7c407c2cedff20999df2af8eb42d56 -> 
  custom:audio-encoder-webm-vorbis: bf7c407c2cedff20999df2af8eb42d56 -> 
========================================================================
Received Import Request.
  Time since last request: 4209.351055 seconds.
  path: Assets/MuaXuan 1
  artifactKey: Guid(44f0b21d8dab962438d50151ae2a1c79) Importer(815301076,1909f56bfc062723c751e8b465ee728b)
Start importing Assets/MuaXuan 1 using Guid(44f0b21d8dab962438d50151ae2a1c79) Importer(815301076,1909f56bfc062723c751e8b465ee728b) [PhysX] Initialized MultithreadedTaskDispatcher with 12 workers.
 -> (artifact id: '17f1c150c0b492891f8f462f1adc9ded') in 0.002452 seconds
Number of updated asset objects reloaded before import = 0
Number of asset objects unloaded after import = 0
========================================================================
Received Import Request.
  Time since last request: 130.731235 seconds.
  path: Assets/MuaHa
  artifactKey: Guid(a7ce1f36b158005468f4e84c362681b6) Importer(815301076,1909f56bfc062723c751e8b465ee728b)
Start importing Assets/MuaHa using Guid(a7ce1f36b158005468f4e84c362681b6) Importer(815301076,1909f56bfc062723c751e8b465ee728b) [PhysX] Initialized MultithreadedTaskDispatcher with 12 workers.
 -> (artifact id: 'e21eefb436011c020e4f5125bfde7f2d') in 0.000676 seconds
Number of updated asset objects reloaded before import = 0
Number of asset objects unloaded after import = 0
========================================================================
Received Import Request.
  Time since last request: 7.561955 seconds.
  path: Assets/Map
  artifactKey: Guid(84e08378eaab3da419c523a51e47d8fd) Importer(815301076,1909f56bfc062723c751e8b465ee728b)
Start importing Assets/Map using Guid(84e08378eaab3da419c523a51e47d8fd) Importer(815301076,1909f56bfc062723c751e8b465ee728b) [PhysX] Initialized MultithreadedTaskDispatcher with 12 workers.
 -> (artifact id: '5c06b53c500536a84013d38cb6dd4078') in 0.000621 seconds
Number of updated asset objects reloaded before import = 0
Number of asset objects unloaded after import = 0
========================================================================
Received Import Request.
  Time since last request: 215.969928 seconds.
  path: Assets/Map/BG.png
  artifactKey: Guid(6ad4f100b1e86c34586e2c58e4912fad) Importer(815301076,1909f56bfc062723c751e8b465ee728b)
Start importing Assets/Map/BG.png using Guid(6ad4f100b1e86c34586e2c58e4912fad) Importer(815301076,1909f56bfc062723c751e8b465ee728b) [PhysX] Initialized MultithreadedTaskDispatcher with 12 workers.
[PhysX] Initialized MultithreadedTaskDispatcher with 12 workers.
 -> (artifact id: '20e62a670e2eb3905a2add032f043961') in 0.115521 seconds
Number of updated asset objects reloaded before import = 0
Number of asset objects unloaded after import = 3
========================================================================
Received Import Request.
  Time since last request: 4002.676190 seconds.
  path: Assets/Map/MuaDong/png
  artifactKey: Guid(60f56ee076fd8b24391b2ca612622ae6) Importer(815301076,1909f56bfc062723c751e8b465ee728b)
Start importing Assets/Map/MuaDong/png using Guid(60f56ee076fd8b24391b2ca612622ae6) Importer(815301076,1909f56bfc062723c751e8b465ee728b) [PhysX] Initialized MultithreadedTaskDispatcher with 12 workers.
 -> (artifact id: 'ff2a29d07aa65d0b2c332ed7466b7b56') in 0.000704 seconds
Number of updated asset objects reloaded before import = 0
Number of asset objects unloaded after import = 0
========================================================================
Received Import Request.
  Time since last request: 1.014195 seconds.
  path: Assets/Map/MuaDong/png/BG/BG.png
  artifactKey: Guid(fcd949d9ac672a04f97a4ab0335da69a) Importer(815301076,1909f56bfc062723c751e8b465ee728b)
Start importing Assets/Map/MuaDong/png/BG/BG.png using Guid(fcd949d9ac672a04f97a4ab0335da69a) Importer(815301076,1909f56bfc062723c751e8b465ee728b) [PhysX] Initialized MultithreadedTaskDispatcher with 12 workers.
[PhysX] Initialized MultithreadedTaskDispatcher with 12 workers.
 -> (artifact id: '480938bd93d5a973de995b5151a24963') in 0.023224 seconds
Number of updated asset objects reloaded before import = 0
Number of asset objects unloaded after import = 3
========================================================================
Received Import Request.
  Time since last request: 140.550687 seconds.
  path: Assets/Map/MuaDong/png/Tiles/2.png
  artifactKey: Guid(124ad1fb2c356a94fbfaf2ba85738813) Importer(815301076,1909f56bfc062723c751e8b465ee728b)
Start importing Assets/Map/MuaDong/png/Tiles/2.png using Guid(124ad1fb2c356a94fbfaf2ba85738813) Importer(815301076,1909f56bfc062723c751e8b465ee728b) [PhysX] Initialized MultithreadedTaskDispatcher with 12 workers.
[PhysX] Initialized MultithreadedTaskDispatcher with 12 workers.
 -> (artifact id: '49f351fefd377478b64afc1a728328f1') in 0.024657 seconds
Number of updated asset objects reloaded before import = 0
Number of asset objects unloaded after import = 3
========================================================================
Received Import Request.
  Time since last request: 0.501198 seconds.
  path: Assets/Map/MuaDong/png/Tiles/1.png
  artifactKey: Guid(435e8ed07eb9081428bb59b3b58ac051) Importer(815301076,1909f56bfc062723c751e8b465ee728b)
Start importing Assets/Map/MuaDong/png/Tiles/1.png using Guid(435e8ed07eb9081428bb59b3b58ac051) Importer(815301076,1909f56bfc062723c751e8b465ee728b) [PhysX] Initialized MultithreadedTaskDispatcher with 12 workers.
[PhysX] Initialized MultithreadedTaskDispatcher with 12 workers.
 -> (artifact id: 'd87ad80c57bf6f539b8adabe8bf5f950') in 0.023856 seconds
Number of updated asset objects reloaded before import = 0
Number of asset objects unloaded after import = 3
========================================================================
Received Import Request.
  Time since last request: 76.705840 seconds.
  path: Assets/Map/MuaDong/png/Tiles/1.png
  artifactKey: Guid(435e8ed07eb9081428bb59b3b58ac051) Importer(815301076,1909f56bfc062723c751e8b465ee728b)
Start importing Assets/Map/MuaDong/png/Tiles/1.png using Guid(435e8ed07eb9081428bb59b3b58ac051) Importer(815301076,1909f56bfc062723c751e8b465ee728b) [PhysX] Initialized MultithreadedTaskDispatcher with 12 workers.
[PhysX] Initialized MultithreadedTaskDispatcher with 12 workers.
 -> (artifact id: '937d08d18d32ded88271312749813d76') in 0.021359 seconds
Number of updated asset objects reloaded before import = 0
Number of asset objects unloaded after import = 2
========================================================================
Received Import Request.
  Time since last request: 43.076422 seconds.
  path: Assets/Map/MuaDong/png/Tiles/3.png
  artifactKey: Guid(c26c13c7c632ca84f9070c3c009ead3b) Importer(815301076,1909f56bfc062723c751e8b465ee728b)
Start importing Assets/Map/MuaDong/png/Tiles/3.png using Guid(c26c13c7c632ca84f9070c3c009ead3b) Importer(815301076,1909f56bfc062723c751e8b465ee728b) [PhysX] Initialized MultithreadedTaskDispatcher with 12 workers.
[PhysX] Initialized MultithreadedTaskDispatcher with 12 workers.
 -> (artifact id: 'ed8b2c38de775422b538189b713027eb') in 0.027016 seconds
Number of updated asset objects reloaded before import = 0
Number of asset objects unloaded after import = 3
========================================================================
Received Import Request.
  Time since last request: 241.090535 seconds.
  path: Assets/Prefabs
  artifactKey: Guid(270119f7caf08f047a60ef641f85bc3d) Importer(815301076,1909f56bfc062723c751e8b465ee728b)
Start importing Assets/Prefabs using Guid(270119f7caf08f047a60ef641f85bc3d) Importer(815301076,1909f56bfc062723c751e8b465ee728b) [PhysX] Initialized MultithreadedTaskDispatcher with 12 workers.
 -> (artifact id: '8b0eb0ca8440952fb9d667a98e8364aa') in 0.000895 seconds
Number of updated asset objects reloaded before import = 0
Number of asset objects unloaded after import = 0
========================================================================
Received Import Request.
  Time since last request: 2.899773 seconds.
  path: Assets/Map/MuaDong
  artifactKey: Guid(addc65c9990da1d419ac1e1643e8afef) Importer(815301076,1909f56bfc062723c751e8b465ee728b)
Start importing Assets/Map/MuaDong using Guid(addc65c9990da1d419ac1e1643e8afef) Importer(815301076,1909f56bfc062723c751e8b465ee728b) [PhysX] Initialized MultithreadedTaskDispatcher with 12 workers.
 -> (artifact id: '0283a194a0699624343fa90b6289feee') in 0.001015 seconds
Number of updated asset objects reloaded before import = 0
Number of asset objects unloaded after import = 0
========================================================================
Received Import Request.
  Time since last request: 14.366680 seconds.
  path: Assets/Map/MuaDong/png/Tiles
  artifactKey: Guid(f83ee495458e6e349bc9f3edcdf5cb1d) Importer(815301076,1909f56bfc062723c751e8b465ee728b)
Start importing Assets/Map/MuaDong/png/Tiles using Guid(f83ee495458e6e349bc9f3edcdf5cb1d) Importer(815301076,1909f56bfc062723c751e8b465ee728b) [PhysX] Initialized MultithreadedTaskDispatcher with 12 workers.
 -> (artifact id: '8cae11b94375a471073ad94b23429f7d') in 0.000554 seconds
Number of updated asset objects reloaded before import = 0
Number of asset objects unloaded after import = 0
========================================================================
Received Import Request.
  Time since last request: 3.581576 seconds.
  path: Assets/Map/MuaDong/png/Tiles/5.png
  artifactKey: Guid(699a76a90c87d5949afe255501ed4e3b) Importer(815301076,1909f56bfc062723c751e8b465ee728b)
Start importing Assets/Map/MuaDong/png/Tiles/5.png using Guid(699a76a90c87d5949afe255501ed4e3b) Importer(815301076,1909f56bfc062723c751e8b465ee728b) [PhysX] Initialized MultithreadedTaskDispatcher with 12 workers.
[PhysX] Initialized MultithreadedTaskDispatcher with 12 workers.
 -> (artifact id: '81874530e2554a6430e2386e82c0261e') in 0.021847 seconds
Number of updated asset objects reloaded before import = 0
Number of asset objects unloaded after import = 3
========================================================================
Received Import Request.
  Time since last request: 985.269485 seconds.
  path: ProjectSettings/TagManager.asset
  artifactKey: Guid(00000000000000003000000000000000) Importer(815301076,1909f56bfc062723c751e8b465ee728b)
Start importing ProjectSettings/TagManager.asset using Guid(00000000000000003000000000000000) Importer(815301076,1909f56bfc062723c751e8b465ee728b) [PhysX] Initialized MultithreadedTaskDispatcher with 12 workers.
 -> (artifact id: 'f9d0b1870f6f2fb36a435ab367837fa2') in 0.001904 seconds
Number of updated asset objects reloaded before import = 0
Number of asset objects unloaded after import = 0
========================================================================
Received Import Request.
  Time since last request: 238.684604 seconds.
  path: Assets/Map/MuaDong/png/Object/Crate.png
  artifactKey: Guid(2075060e57627604599eaf7902650d5b) Importer(815301076,1909f56bfc062723c751e8b465ee728b)
Start importing Assets/Map/MuaDong/png/Object/Crate.png using Guid(2075060e57627604599eaf7902650d5b) Importer(815301076,1909f56bfc062723c751e8b465ee728b) [PhysX] Initialized MultithreadedTaskDispatcher with 12 workers.
[PhysX] Initialized MultithreadedTaskDispatcher with 12 workers.
 -> (artifact id: 'dcca914c6e147182541b5f2d4e158ff7') in 0.035570 seconds
Number of updated asset objects reloaded before import = 0
Number of asset objects unloaded after import = 3
========================================================================
Received Import Request.
  Time since last request: 145.408008 seconds.
  path: Assets/Map/MuaDong/png/Tiles/13.png
  artifactKey: Guid(67e8cbdd9a3ac6d44b6f7cb2b5404e43) Importer(815301076,1909f56bfc062723c751e8b465ee728b)
Start importing Assets/Map/MuaDong/png/Tiles/13.png using Guid(67e8cbdd9a3ac6d44b6f7cb2b5404e43) Importer(815301076,1909f56bfc062723c751e8b465ee728b) [PhysX] Initialized MultithreadedTaskDispatcher with 12 workers.
[PhysX] Initialized MultithreadedTaskDispatcher with 12 workers.
 -> (artifact id: 'aa2644a9705b328f3625a8766a65d499') in 0.025517 seconds
Number of updated asset objects reloaded before import = 0
Number of asset objects unloaded after import = 3
========================================================================
Received Import Request.
  Time since last request: 0.638896 seconds.
  path: Assets/Map/MuaDong/png/Tiles/12.png
  artifactKey: Guid(7feeda09fb0032f4b9ea6fc2ad3da694) Importer(815301076,1909f56bfc062723c751e8b465ee728b)
Start importing Assets/Map/MuaDong/png/Tiles/12.png using Guid(7feeda09fb0032f4b9ea6fc2ad3da694) Importer(815301076,1909f56bfc062723c751e8b465ee728b) [PhysX] Initialized MultithreadedTaskDispatcher with 12 workers.
[PhysX] Initialized MultithreadedTaskDispatcher with 12 workers.
 -> (artifact id: 'c57e0d6a69d16096a1b03591aa35f75b') in 0.020766 seconds
Number of updated asset objects reloaded before import = 0
Number of asset objects unloaded after import = 3
========================================================================
Received Import Request.
  Time since last request: 0.901917 seconds.
  path: Assets/Map/MuaDong/png/Tiles/4.png
  artifactKey: Guid(f7e5d0ad455ef1d459abb3b94c009720) Importer(815301076,1909f56bfc062723c751e8b465ee728b)
Start importing Assets/Map/MuaDong/png/Tiles/4.png using Guid(f7e5d0ad455ef1d459abb3b94c009720) Importer(815301076,1909f56bfc062723c751e8b465ee728b) [PhysX] Initialized MultithreadedTaskDispatcher with 12 workers.
[PhysX] Initialized MultithreadedTaskDispatcher with 12 workers.
 -> (artifact id: 'bf7c26da1da62bcc0205fcfad952d3ea') in 0.022730 seconds
Number of updated asset objects reloaded before import = 0
Number of asset objects unloaded after import = 3
========================================================================
Received Import Request.
  Time since last request: 2.507230 seconds.
  path: Assets/Map/MuaDong/png/Tiles/6.png
  artifactKey: Guid(aa0e82dc6e409d941861584850505122) Importer(815301076,1909f56bfc062723c751e8b465ee728b)
Start importing Assets/Map/MuaDong/png/Tiles/6.png using Guid(aa0e82dc6e409d941861584850505122) Importer(815301076,1909f56bfc062723c751e8b465ee728b) [PhysX] Initialized MultithreadedTaskDispatcher with 12 workers.
[PhysX] Initialized MultithreadedTaskDispatcher with 12 workers.
 -> (artifact id: 'c458a3ddc89c7cf53ea3d5ec6baf7961') in 0.023375 seconds
Number of updated asset objects reloaded before import = 0
Number of asset objects unloaded after import = 3
========================================================================
Received Import Request.
  Time since last request: 1.044471 seconds.
  path: Assets/Map/MuaDong/png/Tiles/7.png
  artifactKey: Guid(0b410ee4bc55b1140840d9397ba13835) Importer(815301076,1909f56bfc062723c751e8b465ee728b)
Start importing Assets/Map/MuaDong/png/Tiles/7.png using Guid(0b410ee4bc55b1140840d9397ba13835) Importer(815301076,1909f56bfc062723c751e8b465ee728b) [PhysX] Initialized MultithreadedTaskDispatcher with 12 workers.
[PhysX] Initialized MultithreadedTaskDispatcher with 12 workers.
 -> (artifact id: 'a10e575c0f6a835fe713b16e139dbf6a') in 0.023876 seconds
Number of updated asset objects reloaded before import = 0
Number of asset objects unloaded after import = 3
========================================================================
Received Import Request.
  Time since last request: 39.353912 seconds.
  path: Assets/Map/MuaDong/png/Tiles/1 1.png
  artifactKey: Guid(5cec9b417026632479efd4a8326a1f02) Importer(815301076,1909f56bfc062723c751e8b465ee728b)
Start importing Assets/Map/MuaDong/png/Tiles/1 1.png using Guid(5cec9b417026632479efd4a8326a1f02) Importer(815301076,1909f56bfc062723c751e8b465ee728b) [PhysX] Initialized MultithreadedTaskDispatcher with 12 workers.
[PhysX] Initialized MultithreadedTaskDispatcher with 12 workers.
 -> (artifact id: '4e3941e886c158d986fabd7e7d05a107') in 0.018223 seconds
Number of updated asset objects reloaded before import = 0
Number of asset objects unloaded after import = 2
========================================================================
Received Import Request.
  Time since last request: 21.149584 seconds.
  path: Assets/Map/MuaDong/png/Tiles/3 1.png
  artifactKey: Guid(2d51879b4c778e14cba639fd852c1d80) Importer(815301076,1909f56bfc062723c751e8b465ee728b)
Start importing Assets/Map/MuaDong/png/Tiles/3 1.png using Guid(2d51879b4c778e14cba639fd852c1d80) Importer(815301076,1909f56bfc062723c751e8b465ee728b) [PhysX] Initialized MultithreadedTaskDispatcher with 12 workers.
[PhysX] Initialized MultithreadedTaskDispatcher with 12 workers.
 -> (artifact id: 'e9449ef4e4d29e49f54a2b2de28159d4') in 0.027173 seconds
Number of updated asset objects reloaded before import = 0
Number of asset objects unloaded after import = 3
========================================================================
Received Import Request.
  Time since last request: 6.009576 seconds.
  path: Assets/Map/MuaDong/png/Tiles/2 1.png
  artifactKey: Guid(802905284db29784bafcbbc71f17b75d) Importer(815301076,1909f56bfc062723c751e8b465ee728b)
Start importing Assets/Map/MuaDong/png/Tiles/2 1.png using Guid(802905284db29784bafcbbc71f17b75d) Importer(815301076,1909f56bfc062723c751e8b465ee728b) [PhysX] Initialized MultithreadedTaskDispatcher with 12 workers.
[PhysX] Initialized MultithreadedTaskDispatcher with 12 workers.
 -> (artifact id: '865caecaf27e116d2a0421d39560a986') in 0.026467 seconds
Number of updated asset objects reloaded before import = 0
Number of asset objects unloaded after import = 3
========================================================================
Received Import Request.
  Time since last request: 121.937332 seconds.
  path: Assets/Map/MuaDong/png/Tiles/3 1.png
  artifactKey: Guid(341d57e27aec8ef4b9f0f94138557246) Importer(815301076,1909f56bfc062723c751e8b465ee728b)
Start importing Assets/Map/MuaDong/png/Tiles/3 1.png using Guid(341d57e27aec8ef4b9f0f94138557246) Importer(815301076,1909f56bfc062723c751e8b465ee728b) [PhysX] Initialized MultithreadedTaskDispatcher with 12 workers.
[PhysX] Initialized MultithreadedTaskDispatcher with 12 workers.
 -> (artifact id: 'a2c4c5c7c107dee5d5426e3b6e23b27f') in 0.020010 seconds
Number of updated asset objects reloaded before import = 0
Number of asset objects unloaded after import = 3
========================================================================
Received Import Request.
  Time since last request: 34.831450 seconds.
  path: Assets/Map/MuaDong/png/Tiles/3 1.png
  artifactKey: Guid(341d57e27aec8ef4b9f0f94138557246) Importer(815301076,1909f56bfc062723c751e8b465ee728b)
Start importing Assets/Map/MuaDong/png/Tiles/3 1.png using Guid(341d57e27aec8ef4b9f0f94138557246) Importer(815301076,1909f56bfc062723c751e8b465ee728b) [PhysX] Initialized MultithreadedTaskDispatcher with 12 workers.
[PhysX] Initialized MultithreadedTaskDispatcher with 12 workers.
 -> (artifact id: 'f2c5ccac03b09db601392abe53a531bd') in 0.026801 seconds
Number of updated asset objects reloaded before import = 0
Number of asset objects unloaded after import = 3
========================================================================
Received Import Request.
  Time since last request: 287.316489 seconds.
  path: Assets/Map/MuaDong/png/Tiles/18.png
  artifactKey: Guid(527e9a3d608c5234aafed088415cf456) Importer(815301076,1909f56bfc062723c751e8b465ee728b)
Start importing Assets/Map/MuaDong/png/Tiles/18.png using Guid(527e9a3d608c5234aafed088415cf456) Importer(815301076,1909f56bfc062723c751e8b465ee728b) [PhysX] Initialized MultithreadedTaskDispatcher with 12 workers.
[PhysX] Initialized MultithreadedTaskDispatcher with 12 workers.
 -> (artifact id: '14c92ceeed46eb9d959db926f8b0a7ac') in 0.025408 seconds
Number of updated asset objects reloaded before import = 0
Number of asset objects unloaded after import = 3
========================================================================
Received Import Request.
  Time since last request: 0.392436 seconds.
  path: Assets/Map/MuaDong/png/Tiles/31.png
  artifactKey: Guid(ebf444a7d0dc96646b0ddbfea40a1738) Importer(815301076,1909f56bfc062723c751e8b465ee728b)
Start importing Assets/Map/MuaDong/png/Tiles/31.png using Guid(ebf444a7d0dc96646b0ddbfea40a1738) Importer(815301076,1909f56bfc062723c751e8b465ee728b) [PhysX] Initialized MultithreadedTaskDispatcher with 12 workers.
[PhysX] Initialized MultithreadedTaskDispatcher with 12 workers.
 -> (artifact id: '7d79147d2f6d05f0af2f2f213e235c36') in 0.021350 seconds
Number of updated asset objects reloaded before import = 0
Number of asset objects unloaded after import = 3
========================================================================
Received Import Request.
  Time since last request: 13.448394 seconds.
  path: Assets/Map/MuaDong/png/Tiles/3.1.png
  artifactKey: Guid(ebf444a7d0dc96646b0ddbfea40a1738) Importer(815301076,1909f56bfc062723c751e8b465ee728b)
Start importing Assets/Map/MuaDong/png/Tiles/3.1.png using Guid(ebf444a7d0dc96646b0ddbfea40a1738) Importer(815301076,1909f56bfc062723c751e8b465ee728b) [PhysX] Initialized MultithreadedTaskDispatcher with 12 workers.
[PhysX] Initialized MultithreadedTaskDispatcher with 12 workers.
 -> (artifact id: '14694f6802d555104a032f5fe1f0d430') in 0.025701 seconds
Number of updated asset objects reloaded before import = 0
Number of asset objects unloaded after import = 3
========================================================================
Received Import Request.
  Time since last request: 2.323070 seconds.
  path: Assets/Map/MuaDong/png/Object/31.png
  artifactKey: Guid(202732072c4b9fb4587b8a74d4e97546) Importer(815301076,1909f56bfc062723c751e8b465ee728b)
Start importing Assets/Map/MuaDong/png/Object/31.png using Guid(202732072c4b9fb4587b8a74d4e97546) Importer(815301076,1909f56bfc062723c751e8b465ee728b) [PhysX] Initialized MultithreadedTaskDispatcher with 12 workers.
[PhysX] Initialized MultithreadedTaskDispatcher with 12 workers.
 -> (artifact id: '0eb95dc5bfde4c2fcfbef1a976c4977f') in 0.020568 seconds
Number of updated asset objects reloaded before import = 0
Number of asset objects unloaded after import = 3
========================================================================
Received Import Request.
  Time since last request: 3.291462 seconds.
  path: Assets/Map/MuaDong/png/Object/1.1.png
  artifactKey: Guid(f65a39b708ba34741a16e612b9998621) Importer(815301076,1909f56bfc062723c751e8b465ee728b)
Start importing Assets/Map/MuaDong/png/Object/1.1.png using Guid(f65a39b708ba34741a16e612b9998621) Importer(815301076,1909f56bfc062723c751e8b465ee728b) [PhysX] Initialized MultithreadedTaskDispatcher with 12 workers.
[PhysX] Initialized MultithreadedTaskDispatcher with 12 workers.
 -> (artifact id: '648fe18b399861c998a8f1124bb98ce1') in 0.031828 seconds
Number of updated asset objects reloaded before import = 0
Number of asset objects unloaded after import = 3
========================================================================
Received Import Request.
  Time since last request: 1.870817 seconds.
  path: Assets/Map/MuaDong/png/Tiles/1.1.png
  artifactKey: Guid(d3438bc2e2be38841a22642541af8f38) Importer(815301076,1909f56bfc062723c751e8b465ee728b)
Start importing Assets/Map/MuaDong/png/Tiles/1.1.png using Guid(d3438bc2e2be38841a22642541af8f38) Importer(815301076,1909f56bfc062723c751e8b465ee728b) [PhysX] Initialized MultithreadedTaskDispatcher with 12 workers.
[PhysX] Initialized MultithreadedTaskDispatcher with 12 workers.
 -> (artifact id: '89220fe0b2ae1ec12b15a1f75ce6df68') in 0.032448 seconds
Number of updated asset objects reloaded before import = 0
Number of asset objects unloaded after import = 3
========================================================================
Received Import Request.
  Time since last request: 148.939493 seconds.
  path: Assets/Map/MuaDong/png/Object/SnowMan.png
  artifactKey: Guid(928d81eb3a69f394db5b8d8b64067bbd) Importer(815301076,1909f56bfc062723c751e8b465ee728b)
Start importing Assets/Map/MuaDong/png/Object/SnowMan.png using Guid(928d81eb3a69f394db5b8d8b64067bbd) Importer(815301076,1909f56bfc062723c751e8b465ee728b) [PhysX] Initialized MultithreadedTaskDispatcher with 12 workers.
[PhysX] Initialized MultithreadedTaskDispatcher with 12 workers.
 -> (artifact id: '9c4893ac857f0120dbcc30aec3977170') in 0.022293 seconds
Number of updated asset objects reloaded before import = 0
Number of asset objects unloaded after import = 3
========================================================================
Received Import Request.
  Time since last request: 706.528428 seconds.
  path: Assets/Map/MuaDong/png/Object/Tree_1.png
  artifactKey: Guid(71092a94f33b45941ab24ba3695fdce1) Importer(815301076,1909f56bfc062723c751e8b465ee728b)
Start importing Assets/Map/MuaDong/png/Object/Tree_1.png using Guid(71092a94f33b45941ab24ba3695fdce1) Importer(815301076,1909f56bfc062723c751e8b465ee728b) [PhysX] Initialized MultithreadedTaskDispatcher with 12 workers.
[PhysX] Initialized MultithreadedTaskDispatcher with 12 workers.
 -> (artifact id: '000ddd7c9c32670e2e181f4ec21cae15') in 0.037084 seconds
Number of updated asset objects reloaded before import = 0
Number of asset objects unloaded after import = 3
========================================================================
Received Import Request.
  Time since last request: 198.179012 seconds.
  path: Assets/Map/MuaDong/png/BG
  artifactKey: Guid(0f576bd0cdb6401438c08d2e2320b2bd) Importer(815301076,1909f56bfc062723c751e8b465ee728b)
Start importing Assets/Map/MuaDong/png/BG using Guid(0f576bd0cdb6401438c08d2e2320b2bd) Importer(815301076,1909f56bfc062723c751e8b465ee728b) [PhysX] Initialized MultithreadedTaskDispatcher with 12 workers.
 -> (artifact id: '839be056a6e384ab7b8f8d8881866bcd') in 0.001325 seconds
Number of updated asset objects reloaded before import = 0
Number of asset objects unloaded after import = 0
========================================================================
Received Import Request.
  Time since last request: 74.927001 seconds.
  path: Assets/Map/MuaDong/svg
  artifactKey: Guid(00a5a4cd5dd264b4981e40cc8f3e3e93) Importer(815301076,1909f56bfc062723c751e8b465ee728b)
Start importing Assets/Map/MuaDong/svg using Guid(00a5a4cd5dd264b4981e40cc8f3e3e93) Importer(815301076,1909f56bfc062723c751e8b465ee728b) [PhysX] Initialized MultithreadedTaskDispatcher with 12 workers.
 -> (artifact id: 'a4d87f4c733c8bf3b0d1f12d11a0b9fa') in 0.000636 seconds
Number of updated asset objects reloaded before import = 0
Number of asset objects unloaded after import = 0
========================================================================
Received Import Request.
  Time since last request: 5.751083 seconds.
  path: Assets/Map/MuaHa/cdr
  artifactKey: Guid(309b06c32358b5a478e75e52ff15da81) Importer(815301076,1909f56bfc062723c751e8b465ee728b)
Start importing Assets/Map/MuaHa/cdr using Guid(309b06c32358b5a478e75e52ff15da81) Importer(815301076,1909f56bfc062723c751e8b465ee728b) [PhysX] Initialized MultithreadedTaskDispatcher with 12 workers.
 -> (artifact id: 'f4a0dce836df7e4e0ca021d9510baf10') in 0.000806 seconds
Number of updated asset objects reloaded before import = 0
Number of asset objects unloaded after import = 0
========================================================================
Received Import Request.
  Time since last request: 3.449915 seconds.
  path: Assets/Map/MuaHa/png
  artifactKey: Guid(3ed3893c0f41bf245af87f2b7e01da0d) Importer(815301076,1909f56bfc062723c751e8b465ee728b)
Start importing Assets/Map/MuaHa/png using Guid(3ed3893c0f41bf245af87f2b7e01da0d) Importer(815301076,1909f56bfc062723c751e8b465ee728b) [PhysX] Initialized MultithreadedTaskDispatcher with 12 workers.
 -> (artifact id: 'e85b681a30dc02f211e82a0918711792') in 0.000741 seconds
Number of updated asset objects reloaded before import = 0
Number of asset objects unloaded after import = 0
========================================================================
Received Import Request.
  Time since last request: 10.984811 seconds.
  path: Assets/Map/MuaDong/png/Object/Igloo.png
  artifactKey: Guid(a8c0e2cc5b7d2e843a7ad1df8ed5cbef) Importer(815301076,1909f56bfc062723c751e8b465ee728b)
Start importing Assets/Map/MuaDong/png/Object/Igloo.png using Guid(a8c0e2cc5b7d2e843a7ad1df8ed5cbef) Importer(815301076,1909f56bfc062723c751e8b465ee728b) [PhysX] Initialized MultithreadedTaskDispatcher with 12 workers.
[PhysX] Initialized MultithreadedTaskDispatcher with 12 workers.
 -> (artifact id: 'd9a47c112d5a81af62c6744a093bb39f') in 0.025743 seconds
Number of updated asset objects reloaded before import = 0
Number of asset objects unloaded after import = 3
========================================================================
Received Import Request.
  Time since last request: 168.013268 seconds.
  path: ProjectSettings/TagManager.asset
  artifactKey: Guid(00000000000000003000000000000000) Importer(815301076,1909f56bfc062723c751e8b465ee728b)
Start importing ProjectSettings/TagManager.asset using Guid(00000000000000003000000000000000) Importer(815301076,1909f56bfc062723c751e8b465ee728b) [PhysX] Initialized MultithreadedTaskDispatcher with 12 workers.
 -> (artifact id: '26074ac2537ca8dd32108a892252db59') in 0.001237 seconds
Number of updated asset objects reloaded before import = 0
Number of asset objects unloaded after import = 0
========================================================================
Received Prepare
Caller must complete domain reload
Begin MonoManager ReloadAssembly
- Loaded All Assemblies, in  1.974 seconds
Native extension for WindowsStandalone target not found
Native extension for iOS target not found
Native extension for Android target not found
Mono: successfully reloaded assembly
- Finished resetting the current domain, in  1.099 seconds
Domain Reload Profiling: 3075ms
	BeginReloadAssembly (1465ms)
		ExecutionOrderSort (0ms)
		DisableScriptedObjects (1177ms)
		BackupInstance (0ms)
		ReleaseScriptingObjects (0ms)
		CreateAndSetChildDomain (105ms)
	RebuildCommonClasses (49ms)
	RebuildNativeTypeToScriptingClass (16ms)
	initialDomainReloadingComplete (50ms)
	LoadAllAssembliesAndSetupDomain (395ms)
		LoadAssemblies (499ms)
		RebuildTransferFunctionScriptingTraits (0ms)
		AnalyzeDomain (30ms)
			TypeCache.Refresh (12ms)
				TypeCache.ScanAssembly (0ms)
			ScanForSourceGeneratedMonoScriptInfo (0ms)
			ResolveRequiredComponents (16ms)
	FinalizeReload (1099ms)
		ReleaseScriptCaches (0ms)
		RebuildScriptCaches (0ms)
		SetupLoadedEditorAssemblies (741ms)
			LogAssemblyErrors (0ms)
			InitializePlatformSupportModulesInManaged (47ms)
			SetLoadedEditorAssemblies (8ms)
			RefreshPlugins (0ms)
			BeforeProcessingInitializeOnLoad (114ms)
			ProcessInitializeOnLoadAttributes (528ms)
			ProcessInitializeOnLoadMethodAttributes (41ms)
			AfterProcessingInitializeOnLoad (2ms)
			EditorAssembliesLoaded (0ms)
		ExecutionOrderSort2 (0ms)
		AwakeInstancesAfterBackupRestoration (15ms)
Refreshing native plugins compatible for Editor in 6.10 ms, found 4 plugins.
Preloading 0 native plugins for Editor in 0.00 ms.
Unloading 3973 Unused Serialized files (Serialized files now loaded: 0)
Unloading 25 unused Assets / (213.8 KB). Loaded Objects now: 4465.
Memory consumption went from 143.5 MB to 143.3 MB.
Total: 7.254100 ms (FindLiveObjects: 0.581400 ms CreateObjectMapping: 0.404800 ms MarkObjects: 5.972800 ms  DeleteObjects: 0.293700 ms)

Prepare: number of updated asset objects reloaded= 0
AssetImportParameters requested are different than current active one (requested -> active):
  custom:container-demuxer-ogg: 62fdf1f143b41e24485cea50d1cbac27 -> 
  custom:video-codec-MediaFoundation-h265: 746d11721c4dcdbdad8f713fa42b33f4 -> 
  custom:video-decoder-ogg-theora: a1e56fd34408186e4bbccfd4996cb3dc -> 
  custom:framework-win-MediaFoundation: 216162199b28c13a410421893ffa2e32 -> 
  custom:CustomObjectIndexerAttribute: 9a22284fe3817be447336de3de66b15e -> 
  custom:container-demuxer-webm: 4f35f7cbe854078d1ac9338744f61a02 -> 
  custom:container-muxer-webm: aa71ff27fc2769a1b78a27578f13a17b -> 
  custom:video-decoder-webm-vp8: 9c59270c3fd7afecdb556c50c9e8de78 -> 
  custom:SearchIndexIgnoredProperties: e643bd26f0fe6173181afceb89e7c659 -> 
  custom:AudioImporter_EditorPlatform: d09bf68614088b80899f8185d706f6e7 -> 
  custom:video-encoder-webm-vp8: eb34c28f22e8b96e1ab97ce403110664 -> 
  custom:audio-decoder-ogg-vorbis: bf7c407c2cedff20999df2af8eb42d56 -> 
  custom:audio-encoder-webm-vorbis: bf7c407c2cedff20999df2af8eb42d56 -> 
========================================================================
Received Prepare
Caller must complete domain reload
Begin MonoManager ReloadAssembly
- Loaded All Assemblies, in  0.454 seconds
Native extension for WindowsStandalone target not found
Native extension for iOS target not found
Native extension for Android target not found
Mono: successfully reloaded assembly
- Finished resetting the current domain, in  1.187 seconds
Domain Reload Profiling: 1641ms
	BeginReloadAssembly (165ms)
		ExecutionOrderSort (0ms)
		DisableScriptedObjects (13ms)
		BackupInstance (0ms)
		ReleaseScriptingObjects (0ms)
		CreateAndSetChildDomain (39ms)
	RebuildCommonClasses (38ms)
	RebuildNativeTypeToScriptingClass (13ms)
	initialDomainReloadingComplete (26ms)
	LoadAllAssembliesAndSetupDomain (210ms)
		LoadAssemblies (278ms)
		RebuildTransferFunctionScriptingTraits (0ms)
		AnalyzeDomain (17ms)
			TypeCache.Refresh (7ms)
				TypeCache.ScanAssembly (0ms)
			ScanForSourceGeneratedMonoScriptInfo (0ms)
			ResolveRequiredComponents (8ms)
	FinalizeReload (1188ms)
		ReleaseScriptCaches (0ms)
		RebuildScriptCaches (0ms)
		SetupLoadedEditorAssemblies (524ms)
			LogAssemblyErrors (0ms)
			InitializePlatformSupportModulesInManaged (28ms)
			SetLoadedEditorAssemblies (6ms)
			RefreshPlugins (0ms)
			BeforeProcessingInitializeOnLoad (90ms)
			ProcessInitializeOnLoadAttributes (364ms)
			ProcessInitializeOnLoadMethodAttributes (34ms)
			AfterProcessingInitializeOnLoad (2ms)
			EditorAssembliesLoaded (1ms)
		ExecutionOrderSort2 (0ms)
		AwakeInstancesAfterBackupRestoration (14ms)
Refreshing native plugins compatible for Editor in 5.70 ms, found 4 plugins.
Preloading 0 native plugins for Editor in 0.00 ms.
Unloading 3974 Unused Serialized files (Serialized files now loaded: 0)
Unloading 25 unused Assets / (213.8 KB). Loaded Objects now: 4469.
Memory consumption went from 143.8 MB to 143.5 MB.
Total: 6.671000 ms (FindLiveObjects: 0.590400 ms CreateObjectMapping: 0.244700 ms MarkObjects: 5.386800 ms  DeleteObjects: 0.447100 ms)

Prepare: number of updated asset objects reloaded= 0
AssetImportParameters requested are different than current active one (requested -> active):
  custom:container-demuxer-ogg: 62fdf1f143b41e24485cea50d1cbac27 -> 
  custom:video-codec-MediaFoundation-h265: 746d11721c4dcdbdad8f713fa42b33f4 -> 
  custom:video-decoder-ogg-theora: a1e56fd34408186e4bbccfd4996cb3dc -> 
  custom:framework-win-MediaFoundation: 216162199b28c13a410421893ffa2e32 -> 
  custom:CustomObjectIndexerAttribute: 9a22284fe3817be447336de3de66b15e -> 
  custom:container-demuxer-webm: 4f35f7cbe854078d1ac9338744f61a02 -> 
  custom:container-muxer-webm: aa71ff27fc2769a1b78a27578f13a17b -> 
  custom:video-decoder-webm-vp8: 9c59270c3fd7afecdb556c50c9e8de78 -> 
  custom:SearchIndexIgnoredProperties: e643bd26f0fe6173181afceb89e7c659 -> 
  custom:AudioImporter_EditorPlatform: d09bf68614088b80899f8185d706f6e7 -> 
  custom:video-encoder-webm-vp8: eb34c28f22e8b96e1ab97ce403110664 -> 
  custom:audio-decoder-ogg-vorbis: bf7c407c2cedff20999df2af8eb42d56 -> 
  custom:audio-encoder-webm-vorbis: bf7c407c2cedff20999df2af8eb42d56 -> 
TcpMessagingSession - receive error
AssetImportWorkerClient::OnTransportError - code=10054 error=An existing connection was forcibly closed by the remote host.
