Using pre-set license
Built from '2022.3/staging' branch; Version is '2022.3.50f1 (c3db7f8bf9b1) revision 12835711'; Using compiler version '192829333'; Build Type 'Release'
OS: 'Windows 11  (10.0.26100) 64bit Professional' Language: 'en' Physical Memory: 15603 MB
BatchMode: 1, IsHumanControllingUs: 0, StartBugReporterOnCrash: 0, Is64bit: 1, IsPro: 1

COMMAND LINE ARGUMENTS:
C:\Program Files\Unity\Hub\Editor\2022.3.50f1\Editor\Unity.exe
-adb2
-batchMode
-noUpm
-name
AssetImportWorker2
-projectPath
D:/i-jam/I-Jam-2025
-logFile
Logs/AssetImportWorker2.log
-srvPort
54867
Successfully changed project path to: D:/i-jam/I-Jam-2025
D:/i-jam/I-Jam-2025
[UnityMemory] Configuration Parameters - Can be set up in boot.config
    "memorysetup-bucket-allocator-granularity=16"
    "memorysetup-bucket-allocator-bucket-count=8"
    "memorysetup-bucket-allocator-block-size=33554432"
    "memorysetup-bucket-allocator-block-count=8"
    "memorysetup-main-allocator-block-size=16777216"
    "memorysetup-thread-allocator-block-size=16777216"
    "memorysetup-gfx-main-allocator-block-size=16777216"
    "memorysetup-gfx-thread-allocator-block-size=16777216"
    "memorysetup-cache-allocator-block-size=4194304"
    "memorysetup-typetree-allocator-block-size=2097152"
    "memorysetup-profiler-bucket-allocator-granularity=16"
    "memorysetup-profiler-bucket-allocator-bucket-count=8"
    "memorysetup-profiler-bucket-allocator-block-size=33554432"
    "memorysetup-profiler-bucket-allocator-block-count=8"
    "memorysetup-profiler-allocator-block-size=16777216"
    "memorysetup-profiler-editor-allocator-block-size=1048576"
    "memorysetup-temp-allocator-size-main=16777216"
    "memorysetup-job-temp-allocator-block-size=2097152"
    "memorysetup-job-temp-allocator-block-size-background=1048576"
    "memorysetup-job-temp-allocator-reduction-small-platforms=262144"
    "memorysetup-allocator-temp-initial-block-size-main=262144"
    "memorysetup-allocator-temp-initial-block-size-worker=262144"
    "memorysetup-temp-allocator-size-background-worker=32768"
    "memorysetup-temp-allocator-size-job-worker=262144"
    "memorysetup-temp-allocator-size-preload-manager=33554432"
    "memorysetup-temp-allocator-size-nav-mesh-worker=65536"
    "memorysetup-temp-allocator-size-audio-worker=65536"
    "memorysetup-temp-allocator-size-cloud-worker=32768"
    "memorysetup-temp-allocator-size-gi-baking-worker=262144"
    "memorysetup-temp-allocator-size-gfx=262144"
Player connection [6956]  Target information:

Player connection [6956]  * "[IP] 172.72.149.241 [Port] 0 [Flags] 2 [Guid] 3907874065 [EditorId] 3907874065 [Version] 1048832 [Id] WindowsEditor(7,DESKTOP-2VH58SJ) [Debug] 1 [PackageName] WindowsEditor [ProjectName] Editor" 

Player connection [6956] Host joined multi-casting on [225.0.0.222:54997]...
Player connection [6956] Host joined alternative multi-casting on [225.0.0.222:34997]...
[PhysX] Initialized MultithreadedTaskDispatcher with 12 workers.
Refreshing native plugins compatible for Editor in 7.18 ms, found 4 plugins.
Preloading 0 native plugins for Editor in 0.00 ms.
Initialize engine version: 2022.3.50f1 (c3db7f8bf9b1)
[Subsystems] Discovering subsystems at path C:/Program Files/Unity/Hub/Editor/2022.3.50f1/Editor/Data/Resources/UnitySubsystems
[Subsystems] Discovering subsystems at path D:/i-jam/I-Jam-2025/Assets
GfxDevice: creating device client; threaded=0; jobified=0
Direct3D:
    Version:  Direct3D 11.0 [level 11.1]
    Renderer: NVIDIA GeForce RTX 3050 Laptop GPU (ID=0x25e2)
    Vendor:   NVIDIA
    VRAM:     3964 MB
    Driver:   32.0.15.6103
Initialize mono
Mono path[0] = 'C:/Program Files/Unity/Hub/Editor/2022.3.50f1/Editor/Data/Managed'
Mono path[1] = 'C:/Program Files/Unity/Hub/Editor/2022.3.50f1/Editor/Data/MonoBleedingEdge/lib/mono/unityjit-win32'
Mono config path = 'C:/Program Files/Unity/Hub/Editor/2022.3.50f1/Editor/Data/MonoBleedingEdge/etc'
Using monoOptions --debugger-agent=transport=dt_socket,embedding=1,server=y,suspend=n,address=127.0.0.1:56284
Begin MonoManager ReloadAssembly
Registering precompiled unity dll's ...
Register platform support module: C:/Program Files/Unity/Hub/Editor/2022.3.50f1/Editor/Data/PlaybackEngines/AndroidPlayer/UnityEditor.Android.Extensions.dll
Register platform support module: C:/Program Files/Unity/Hub/Editor/2022.3.50f1/Editor/Data/PlaybackEngines/WindowsStandaloneSupport/UnityEditor.WindowsStandalone.Extensions.dll
Registered in 0.005878 seconds.
- Loaded All Assemblies, in  0.274 seconds
Native extension for WindowsStandalone target not found
Native extension for Android target not found
Android Extension - Scanning For ADB Devices 249 ms
Mono: successfully reloaded assembly
- Finished resetting the current domain, in  0.492 seconds
Domain Reload Profiling: 765ms
	BeginReloadAssembly (83ms)
		ExecutionOrderSort (0ms)
		DisableScriptedObjects (0ms)
		BackupInstance (0ms)
		ReleaseScriptingObjects (0ms)
		CreateAndSetChildDomain (1ms)
	RebuildCommonClasses (28ms)
	RebuildNativeTypeToScriptingClass (8ms)
	initialDomainReloadingComplete (48ms)
	LoadAllAssembliesAndSetupDomain (107ms)
		LoadAssemblies (81ms)
		RebuildTransferFunctionScriptingTraits (0ms)
		AnalyzeDomain (105ms)
			TypeCache.Refresh (104ms)
				TypeCache.ScanAssembly (93ms)
			ScanForSourceGeneratedMonoScriptInfo (0ms)
			ResolveRequiredComponents (0ms)
	FinalizeReload (492ms)
		ReleaseScriptCaches (0ms)
		RebuildScriptCaches (0ms)
		SetupLoadedEditorAssemblies (457ms)
			LogAssemblyErrors (0ms)
			InitializePlatformSupportModulesInManaged (311ms)
			SetLoadedEditorAssemblies (4ms)
			RefreshPlugins (0ms)
			BeforeProcessingInitializeOnLoad (2ms)
			ProcessInitializeOnLoadAttributes (100ms)
			ProcessInitializeOnLoadMethodAttributes (40ms)
			AfterProcessingInitializeOnLoad (0ms)
			EditorAssembliesLoaded (0ms)
		ExecutionOrderSort2 (0ms)
		AwakeInstancesAfterBackupRestoration (0ms)
========================================================================
Worker process is ready to serve import requests
Caller must complete domain reload
Begin MonoManager ReloadAssembly
- Loaded All Assemblies, in  0.538 seconds
Native extension for WindowsStandalone target not found
Native extension for Android target not found
Mono: successfully reloaded assembly
- Finished resetting the current domain, in  0.522 seconds
Domain Reload Profiling: 1059ms
	BeginReloadAssembly (115ms)
		ExecutionOrderSort (0ms)
		DisableScriptedObjects (4ms)
		BackupInstance (0ms)
		ReleaseScriptingObjects (0ms)
		CreateAndSetChildDomain (19ms)
	RebuildCommonClasses (25ms)
	RebuildNativeTypeToScriptingClass (8ms)
	initialDomainReloadingComplete (33ms)
	LoadAllAssembliesAndSetupDomain (357ms)
		LoadAssemblies (249ms)
		RebuildTransferFunctionScriptingTraits (0ms)
		AnalyzeDomain (173ms)
			TypeCache.Refresh (145ms)
				TypeCache.ScanAssembly (128ms)
			ScanForSourceGeneratedMonoScriptInfo (20ms)
			ResolveRequiredComponents (6ms)
	FinalizeReload (522ms)
		ReleaseScriptCaches (0ms)
		RebuildScriptCaches (0ms)
		SetupLoadedEditorAssemblies (379ms)
			LogAssemblyErrors (0ms)
			InitializePlatformSupportModulesInManaged (16ms)
			SetLoadedEditorAssemblies (4ms)
			RefreshPlugins (0ms)
			BeforeProcessingInitializeOnLoad (62ms)
			ProcessInitializeOnLoadAttributes (262ms)
			ProcessInitializeOnLoadMethodAttributes (30ms)
			AfterProcessingInitializeOnLoad (5ms)
			EditorAssembliesLoaded (0ms)
		ExecutionOrderSort2 (0ms)
		AwakeInstancesAfterBackupRestoration (6ms)
Launched and connected shader compiler UnityShaderCompiler.exe after 0.04 seconds
Refreshing native plugins compatible for Editor in 2.44 ms, found 4 plugins.
Preloading 0 native plugins for Editor in 0.00 ms.
Unloading 3979 Unused Serialized files (Serialized files now loaded: 0)
Unloading 37 unused Assets / (214.4 KB). Loaded Objects now: 4446.
Memory consumption went from 140.0 MB to 139.8 MB.
Total: 3.557100 ms (FindLiveObjects: 0.327500 ms CreateObjectMapping: 0.157800 ms MarkObjects: 2.888200 ms  DeleteObjects: 0.182300 ms)

AssetImportParameters requested are different than current active one (requested -> active):
  custom:container-demuxer-ogg: 62fdf1f143b41e24485cea50d1cbac27 -> 
  custom:video-codec-MediaFoundation-h265: 746d11721c4dcdbdad8f713fa42b33f4 -> 
  custom:video-decoder-ogg-theora: a1e56fd34408186e4bbccfd4996cb3dc -> 
  custom:framework-win-MediaFoundation: 216162199b28c13a410421893ffa2e32 -> 
  custom:CustomObjectIndexerAttribute: 9a22284fe3817be447336de3de66b15e -> 
  custom:container-demuxer-webm: 4f35f7cbe854078d1ac9338744f61a02 -> 
  custom:container-muxer-webm: aa71ff27fc2769a1b78a27578f13a17b -> 
  custom:video-decoder-webm-vp8: 9c59270c3fd7afecdb556c50c9e8de78 -> 
  custom:SearchIndexIgnoredProperties: e643bd26f0fe6173181afceb89e7c659 -> 
  custom:AudioImporter_EditorPlatform: d09bf68614088b80899f8185d706f6e7 -> 
  custom:video-encoder-webm-vp8: eb34c28f22e8b96e1ab97ce403110664 -> 
  custom:audio-decoder-ogg-vorbis: bf7c407c2cedff20999df2af8eb42d56 -> 
  custom:audio-encoder-webm-vorbis: bf7c407c2cedff20999df2af8eb42d56 -> 
========================================================================
Received Import Request.
  Time since last request: 1537377.610006 seconds.
  path: Assets/Map/Map3/pixel_advanture/Trap/Chain.asset
  artifactKey: Guid(b6838b30c4766644bb0e729fb85aeda4) Importer(815301076,1909f56bfc062723c751e8b465ee728b)
Start importing Assets/Map/Map3/pixel_advanture/Trap/Chain.asset using Guid(b6838b30c4766644bb0e729fb85aeda4) Importer(815301076,1909f56bfc062723c751e8b465ee728b) [PhysX] Initialized MultithreadedTaskDispatcher with 12 workers.
 -> (artifact id: '717c9fa6d0db73a4f86c3bd58e9b2f6a') in 0.077673 seconds
Number of updated asset objects reloaded before import = 0
Number of asset objects unloaded after import = 3
========================================================================
Received Import Request.
  Time since last request: 51.070173 seconds.
  path: Assets/Map/Map3/pixel_advanture/Trap/Chain.png
  artifactKey: Guid(9127e9f228970044782d5dc93a3c2bad) Importer(815301076,1909f56bfc062723c751e8b465ee728b)
Start importing Assets/Map/Map3/pixel_advanture/Trap/Chain.png using Guid(9127e9f228970044782d5dc93a3c2bad) Importer(815301076,1909f56bfc062723c751e8b465ee728b) [PhysX] Initialized MultithreadedTaskDispatcher with 12 workers.
[PhysX] Initialized MultithreadedTaskDispatcher with 12 workers.
 -> (artifact id: '36b1e3db892cdebebbded4029f20da4f') in 0.025873 seconds
Number of updated asset objects reloaded before import = 0
Number of asset objects unloaded after import = 3
========================================================================
Received Import Request.
  Time since last request: 4.682825 seconds.
  path: Assets/Map/Map3/pixel_advanture/Trap/Trap.prefab
  artifactKey: Guid(2568d7b1c4c7ecf4297943dd6875154d) Importer(815301076,1909f56bfc062723c751e8b465ee728b)
Start importing Assets/Map/Map3/pixel_advanture/Trap/Trap.prefab using Guid(2568d7b1c4c7ecf4297943dd6875154d) Importer(815301076,1909f56bfc062723c751e8b465ee728b) [PhysX] Initialized MultithreadedTaskDispatcher with 12 workers.
[PhysX] Initialized MultithreadedTaskDispatcher with 12 workers.
 -> (artifact id: '2d7feb41dc28e137ce66caf86759e332') in 0.055295 seconds
Number of updated asset objects reloaded before import = 0
Number of asset objects unloaded after import = 28
========================================================================
Received Import Request.
  Time since last request: 11.175735 seconds.
  path: Assets/Map/Map3/pixel_advanture/Trap/Trap.prefab
  artifactKey: Guid(2568d7b1c4c7ecf4297943dd6875154d) Importer(815301076,1909f56bfc062723c751e8b465ee728b)
Start importing Assets/Map/Map3/pixel_advanture/Trap/Trap.prefab using Guid(2568d7b1c4c7ecf4297943dd6875154d) Importer(815301076,1909f56bfc062723c751e8b465ee728b) [PhysX] Initialized MultithreadedTaskDispatcher with 12 workers.
[PhysX] Initialized MultithreadedTaskDispatcher with 12 workers.
 -> (artifact id: 'a4a59cc9732794b5ae33e0f3ac8c3763') in 0.019914 seconds
Number of updated asset objects reloaded before import = 0
Number of asset objects unloaded after import = 28
========================================================================
Received Import Request.
  Time since last request: 61.376254 seconds.
  path: Assets/Map/Map3/pixel_advanture/Trap/Trap.prefab
  artifactKey: Guid(2568d7b1c4c7ecf4297943dd6875154d) Importer(815301076,1909f56bfc062723c751e8b465ee728b)
Start importing Assets/Map/Map3/pixel_advanture/Trap/Trap.prefab using Guid(2568d7b1c4c7ecf4297943dd6875154d) Importer(815301076,1909f56bfc062723c751e8b465ee728b) [PhysX] Initialized MultithreadedTaskDispatcher with 12 workers.
[PhysX] Initialized MultithreadedTaskDispatcher with 12 workers.
 -> (artifact id: '766f8ec86a6eef03541218017fef5176') in 0.022484 seconds
Number of updated asset objects reloaded before import = 0
Number of asset objects unloaded after import = 28
========================================================================
Received Import Request.
  Time since last request: 17.612600 seconds.
  path: Assets/Map/Map3/pixel_advanture/Trap/Chain.asset
  artifactKey: Guid(b6838b30c4766644bb0e729fb85aeda4) Importer(815301076,1909f56bfc062723c751e8b465ee728b)
Start importing Assets/Map/Map3/pixel_advanture/Trap/Chain.asset using Guid(b6838b30c4766644bb0e729fb85aeda4) Importer(815301076,1909f56bfc062723c751e8b465ee728b) [PhysX] Initialized MultithreadedTaskDispatcher with 12 workers.
 -> (artifact id: 'd5ecf3a52cbc525630899e52658cfe34') in 0.006477 seconds
Number of updated asset objects reloaded before import = 0
Number of asset objects unloaded after import = 3
========================================================================
Received Import Request.
  Time since last request: 0.000017 seconds.
  path: Assets/Map/Map3/pixel_advanture/Trap/Trap.prefab
  artifactKey: Guid(2568d7b1c4c7ecf4297943dd6875154d) Importer(815301076,1909f56bfc062723c751e8b465ee728b)
Start importing Assets/Map/Map3/pixel_advanture/Trap/Trap.prefab using Guid(2568d7b1c4c7ecf4297943dd6875154d) Importer(815301076,1909f56bfc062723c751e8b465ee728b) [PhysX] Initialized MultithreadedTaskDispatcher with 12 workers.
[PhysX] Initialized MultithreadedTaskDispatcher with 12 workers.
 -> (artifact id: '39d3cc4789be7c882592f6477ec7efdb') in 0.019692 seconds
Number of updated asset objects reloaded before import = 0
Number of asset objects unloaded after import = 28
========================================================================
Received Import Request.
  Time since last request: 320.707846 seconds.
  path: Assets/Map/Map3/pixel_advanture/Saw
  artifactKey: Guid(87f0eb2f0a2923940b875cec48faceaa) Importer(815301076,1909f56bfc062723c751e8b465ee728b)
Start importing Assets/Map/Map3/pixel_advanture/Saw using Guid(87f0eb2f0a2923940b875cec48faceaa) Importer(815301076,1909f56bfc062723c751e8b465ee728b) [PhysX] Initialized MultithreadedTaskDispatcher with 12 workers.
 -> (artifact id: '3b207792b6cb67c90da01fcd88801329') in 0.000650 seconds
Number of updated asset objects reloaded before import = 0
Number of asset objects unloaded after import = 0
========================================================================
Received Import Request.
  Time since last request: 9.009252 seconds.
  path: Assets/Map/Map3/pixel_advanture/Spikes
  artifactKey: Guid(a48264d82f1fde449860fb870415b70d) Importer(815301076,1909f56bfc062723c751e8b465ee728b)
Start importing Assets/Map/Map3/pixel_advanture/Spikes using Guid(a48264d82f1fde449860fb870415b70d) Importer(815301076,1909f56bfc062723c751e8b465ee728b) [PhysX] Initialized MultithreadedTaskDispatcher with 12 workers.
 -> (artifact id: '7ca2ac36756416e194ceb4d7478c6b43') in 0.000739 seconds
Number of updated asset objects reloaded before import = 0
Number of asset objects unloaded after import = 0
========================================================================
Received Import Request.
  Time since last request: 146.867359 seconds.
  path: Assets/Map/Map3/pixel_advanture/Trap_head
  artifactKey: Guid(a48264d82f1fde449860fb870415b70d) Importer(815301076,1909f56bfc062723c751e8b465ee728b)
Start importing Assets/Map/Map3/pixel_advanture/Trap_head using Guid(a48264d82f1fde449860fb870415b70d) Importer(815301076,1909f56bfc062723c751e8b465ee728b) [PhysX] Initialized MultithreadedTaskDispatcher with 12 workers.
 -> (artifact id: '90659b8b9981c88e3f7eef5e76a8b4ca') in 0.000711 seconds
Number of updated asset objects reloaded before import = 0
Number of asset objects unloaded after import = 0
========================================================================
Received Import Request.
  Time since last request: 51.153893 seconds.
  path: Assets/Map/Map3/pixel_advanture/Trap_head/Blink (54x52).png
  artifactKey: Guid(0b5cf0a4296e30f46a32597f0e017954) Importer(815301076,1909f56bfc062723c751e8b465ee728b)
Start importing Assets/Map/Map3/pixel_advanture/Trap_head/Blink (54x52).png using Guid(0b5cf0a4296e30f46a32597f0e017954) Importer(815301076,1909f56bfc062723c751e8b465ee728b) [PhysX] Initialized MultithreadedTaskDispatcher with 12 workers.
[PhysX] Initialized MultithreadedTaskDispatcher with 12 workers.
 -> (artifact id: 'a26262e78a1e41d681e97bf4e23321e1') in 0.023196 seconds
Number of updated asset objects reloaded before import = 0
Number of asset objects unloaded after import = 3
========================================================================
Received Import Request.
  Time since last request: 0.000022 seconds.
  path: Assets/Map/Map3/pixel_advanture/Trap_head/Idle.png
  artifactKey: Guid(ec6c9ced667887c46ad1cb9645874eee) Importer(815301076,1909f56bfc062723c751e8b465ee728b)
Start importing Assets/Map/Map3/pixel_advanture/Trap_head/Idle.png using Guid(ec6c9ced667887c46ad1cb9645874eee) Importer(815301076,1909f56bfc062723c751e8b465ee728b) [PhysX] Initialized MultithreadedTaskDispatcher with 12 workers.
[PhysX] Initialized MultithreadedTaskDispatcher with 12 workers.
 -> (artifact id: '46b7a2a4f5128923561f838257e68632') in 0.019016 seconds
Number of updated asset objects reloaded before import = 0
Number of asset objects unloaded after import = 3
========================================================================
Received Import Request.
  Time since last request: 0.000023 seconds.
  path: Assets/Map/Map3/pixel_advanture/Trap_head/Top Hit (54x52).png
  artifactKey: Guid(05026d15f25f97e49b376a388d35b651) Importer(815301076,1909f56bfc062723c751e8b465ee728b)
Start importing Assets/Map/Map3/pixel_advanture/Trap_head/Top Hit (54x52).png using Guid(05026d15f25f97e49b376a388d35b651) Importer(815301076,1909f56bfc062723c751e8b465ee728b) [PhysX] Initialized MultithreadedTaskDispatcher with 12 workers.
[PhysX] Initialized MultithreadedTaskDispatcher with 12 workers.
 -> (artifact id: '92b5f4d47543497672952b278af631c4') in 0.020389 seconds
Number of updated asset objects reloaded before import = 0
Number of asset objects unloaded after import = 3
Editor requested this worker to shutdown with reason: Scaling down because of idle timeout
TcpMessagingSession - receive error: operation aborted. errorcode: 995, details: The I/O operation has been aborted because of either a thread exit or an application request.
AssetImportWorker is now disconnected from the server
Process exiting
Exiting without the bug reporter. Application will terminate with return code 0