Using pre-set license
Built from '2022.3/staging' branch; Version is '2022.3.50f1 (c3db7f8bf9b1) revision 12835711'; Using compiler version '192829333'; Build Type 'Release'
OS: 'Windows 11  (10.0.26100) 64bit Professional' Language: 'en' Physical Memory: 15603 MB
BatchMode: 1, IsHumanControllingUs: 0, StartBugReporterOnCrash: 0, Is64bit: 1, IsPro: 1

COMMAND LINE ARGUMENTS:
C:\Program Files\Unity\Hub\Editor\2022.3.50f1\Editor\Unity.exe
-adb2
-batchMode
-noUpm
-name
AssetImportWorker1
-projectPath
D:/i-jam/I-Jam-2025
-logFile
Logs/AssetImportWorker1.log
-srvPort
54290
Successfully changed project path to: D:/i-jam/I-Jam-2025
D:/i-jam/I-Jam-2025
[UnityMemory] Configuration Parameters - Can be set up in boot.config
    "memorysetup-bucket-allocator-granularity=16"
    "memorysetup-bucket-allocator-bucket-count=8"
    "memorysetup-bucket-allocator-block-size=33554432"
    "memorysetup-bucket-allocator-block-count=8"
    "memorysetup-main-allocator-block-size=16777216"
    "memorysetup-thread-allocator-block-size=16777216"
    "memorysetup-gfx-main-allocator-block-size=16777216"
    "memorysetup-gfx-thread-allocator-block-size=16777216"
    "memorysetup-cache-allocator-block-size=4194304"
    "memorysetup-typetree-allocator-block-size=2097152"
    "memorysetup-profiler-bucket-allocator-granularity=16"
    "memorysetup-profiler-bucket-allocator-bucket-count=8"
    "memorysetup-profiler-bucket-allocator-block-size=33554432"
    "memorysetup-profiler-bucket-allocator-block-count=8"
    "memorysetup-profiler-allocator-block-size=16777216"
    "memorysetup-profiler-editor-allocator-block-size=1048576"
    "memorysetup-temp-allocator-size-main=16777216"
    "memorysetup-job-temp-allocator-block-size=2097152"
    "memorysetup-job-temp-allocator-block-size-background=1048576"
    "memorysetup-job-temp-allocator-reduction-small-platforms=262144"
    "memorysetup-allocator-temp-initial-block-size-main=262144"
    "memorysetup-allocator-temp-initial-block-size-worker=262144"
    "memorysetup-temp-allocator-size-background-worker=32768"
    "memorysetup-temp-allocator-size-job-worker=262144"
    "memorysetup-temp-allocator-size-preload-manager=33554432"
    "memorysetup-temp-allocator-size-nav-mesh-worker=65536"
    "memorysetup-temp-allocator-size-audio-worker=65536"
    "memorysetup-temp-allocator-size-cloud-worker=32768"
    "memorysetup-temp-allocator-size-gi-baking-worker=262144"
    "memorysetup-temp-allocator-size-gfx=262144"
Player connection [7388]  Target information:

Player connection [7388]  * "[IP] 172.72.149.241 [Port] 0 [Flags] 2 [Guid] 2767362976 [EditorId] 2767362976 [Version] 1048832 [Id] WindowsEditor(7,DESKTOP-2VH58SJ) [Debug] 1 [PackageName] WindowsEditor [ProjectName] Editor" 

Player connection [7388] Host joined multi-casting on [225.0.0.222:54997]...
Player connection [7388] Host joined alternative multi-casting on [225.0.0.222:34997]...
[PhysX] Initialized MultithreadedTaskDispatcher with 12 workers.
Refreshing native plugins compatible for Editor in 10.65 ms, found 4 plugins.
Preloading 0 native plugins for Editor in 0.00 ms.
Initialize engine version: 2022.3.50f1 (c3db7f8bf9b1)
[Subsystems] Discovering subsystems at path C:/Program Files/Unity/Hub/Editor/2022.3.50f1/Editor/Data/Resources/UnitySubsystems
[Subsystems] Discovering subsystems at path D:/i-jam/I-Jam-2025/Assets
GfxDevice: creating device client; threaded=0; jobified=0
Direct3D:
    Version:  Direct3D 11.0 [level 11.1]
    Renderer: NVIDIA GeForce RTX 3050 Laptop GPU (ID=0x25e2)
    Vendor:   NVIDIA
    VRAM:     3964 MB
    Driver:   32.0.15.6103
Initialize mono
Mono path[0] = 'C:/Program Files/Unity/Hub/Editor/2022.3.50f1/Editor/Data/Managed'
Mono path[1] = 'C:/Program Files/Unity/Hub/Editor/2022.3.50f1/Editor/Data/MonoBleedingEdge/lib/mono/unityjit-win32'
Mono config path = 'C:/Program Files/Unity/Hub/Editor/2022.3.50f1/Editor/Data/MonoBleedingEdge/etc'
Using monoOptions --debugger-agent=transport=dt_socket,embedding=1,server=y,suspend=n,address=127.0.0.1:56448
Begin MonoManager ReloadAssembly
Registering precompiled unity dll's ...
Register platform support module: C:/Program Files/Unity/Hub/Editor/2022.3.50f1/Editor/Data/PlaybackEngines/AndroidPlayer/UnityEditor.Android.Extensions.dll
Register platform support module: C:/Program Files/Unity/Hub/Editor/2022.3.50f1/Editor/Data/PlaybackEngines/WindowsStandaloneSupport/UnityEditor.WindowsStandalone.Extensions.dll
Registered in 0.008177 seconds.
- Loaded All Assemblies, in  0.346 seconds
Native extension for WindowsStandalone target not found
Native extension for Android target not found
CommandWithNoStdoutInvokationFailure: Unable to start ADB server. Please make sure the Android SDK is installed and is properly configured in the Editor. See the Console for more details.
  at UnityEditor.Android.Command.RunWithShellExecute (System.String command, System.String args, System.String workingdir, System.String errorMsg) [0x00060] in <0487843a8d11470d93843eaf98d77e73>:0 
  at UnityEditor.Android.ADB.StartServer () [0x00013] in <0487843a8d11470d93843eaf98d77e73>:0 
  at UnityEditor.Android.ADB.Run (System.String[] command, UnityEditor.Android.Command+WaitingForProcessToExit waitingForProcessToExit, System.String errorMsg) [0x0000b] in <0487843a8d11470d93843eaf98d77e73>:0 
  at UnityEditor.Android.AndroidDeploymentTargetsExtension.GetKnownTargets (UnityEditor.DeploymentTargets.IDeploymentTargetsMainThreadContext context, UnityEditor.ProgressHandler progressHandler) [0x002ae] in <0487843a8d11470d93843eaf98d77e73>:0 
  at UnityEditor.Android.TargetScanWorker.ScanSync () [0x00049] in <0487843a8d11470d93843eaf98d77e73>:0 
  at UnityEditor.Android.TargetExtension.OnUsbDevicesChanged (UnityEditor.Hardware.UsbDevice[] usbDevices) [0x00087] in <0487843a8d11470d93843eaf98d77e73>:0 
  at UnityEditor.Android.TargetExtension.OnLoad () [0x000b4] in <0487843a8d11470d93843eaf98d77e73>:0 
  at UnityEditor.Modules.ModuleManager.InitializePlatformSupportModules () [0x0009d] in <5e53ad466ce74a6082606d7fa046fc9b>:0 

Mono: successfully reloaded assembly
- Finished resetting the current domain, in  5.897 seconds
Domain Reload Profiling: 6242ms
	BeginReloadAssembly (102ms)
		ExecutionOrderSort (0ms)
		DisableScriptedObjects (0ms)
		BackupInstance (0ms)
		ReleaseScriptingObjects (0ms)
		CreateAndSetChildDomain (1ms)
	RebuildCommonClasses (32ms)
	RebuildNativeTypeToScriptingClass (9ms)
	initialDomainReloadingComplete (55ms)
	LoadAllAssembliesAndSetupDomain (146ms)
		LoadAssemblies (100ms)
		RebuildTransferFunctionScriptingTraits (0ms)
		AnalyzeDomain (144ms)
			TypeCache.Refresh (142ms)
				TypeCache.ScanAssembly (129ms)
			ScanForSourceGeneratedMonoScriptInfo (0ms)
			ResolveRequiredComponents (0ms)
	FinalizeReload (5897ms)
		ReleaseScriptCaches (0ms)
		RebuildScriptCaches (0ms)
		SetupLoadedEditorAssemblies (5858ms)
			LogAssemblyErrors (0ms)
			InitializePlatformSupportModulesInManaged (5728ms)
			SetLoadedEditorAssemblies (4ms)
			RefreshPlugins (0ms)
			BeforeProcessingInitializeOnLoad (2ms)
			ProcessInitializeOnLoadAttributes (91ms)
			ProcessInitializeOnLoadMethodAttributes (34ms)
			AfterProcessingInitializeOnLoad (0ms)
			EditorAssembliesLoaded (0ms)
		ExecutionOrderSort2 (0ms)
		AwakeInstancesAfterBackupRestoration (0ms)
========================================================================
Worker process is ready to serve import requests
Caller must complete domain reload
Begin MonoManager ReloadAssembly
- Loaded All Assemblies, in  0.469 seconds
Native extension for WindowsStandalone target not found
Native extension for Android target not found
Mono: successfully reloaded assembly
- Finished resetting the current domain, in  0.489 seconds
Domain Reload Profiling: 957ms
	BeginReloadAssembly (112ms)
		ExecutionOrderSort (0ms)
		DisableScriptedObjects (4ms)
		BackupInstance (0ms)
		ReleaseScriptingObjects (0ms)
		CreateAndSetChildDomain (19ms)
	RebuildCommonClasses (24ms)
	RebuildNativeTypeToScriptingClass (8ms)
	initialDomainReloadingComplete (33ms)
	LoadAllAssembliesAndSetupDomain (291ms)
		LoadAssemblies (218ms)
		RebuildTransferFunctionScriptingTraits (0ms)
		AnalyzeDomain (135ms)
			TypeCache.Refresh (114ms)
				TypeCache.ScanAssembly (100ms)
			ScanForSourceGeneratedMonoScriptInfo (17ms)
			ResolveRequiredComponents (4ms)
	FinalizeReload (489ms)
		ReleaseScriptCaches (0ms)
		RebuildScriptCaches (0ms)
		SetupLoadedEditorAssemblies (367ms)
			LogAssemblyErrors (0ms)
			InitializePlatformSupportModulesInManaged (14ms)
			SetLoadedEditorAssemblies (4ms)
			RefreshPlugins (0ms)
			BeforeProcessingInitializeOnLoad (56ms)
			ProcessInitializeOnLoadAttributes (259ms)
			ProcessInitializeOnLoadMethodAttributes (28ms)
			AfterProcessingInitializeOnLoad (5ms)
			EditorAssembliesLoaded (0ms)
		ExecutionOrderSort2 (0ms)
		AwakeInstancesAfterBackupRestoration (6ms)
Launched and connected shader compiler UnityShaderCompiler.exe after 0.04 seconds
Refreshing native plugins compatible for Editor in 2.56 ms, found 4 plugins.
Preloading 0 native plugins for Editor in 0.00 ms.
Unloading 3979 Unused Serialized files (Serialized files now loaded: 0)
Unloading 38 unused Assets / (241.3 KB). Loaded Objects now: 4444.
Memory consumption went from 139.9 MB to 139.7 MB.
Total: 3.539400 ms (FindLiveObjects: 0.297300 ms CreateObjectMapping: 0.152300 ms MarkObjects: 2.913400 ms  DeleteObjects: 0.174100 ms)

AssetImportParameters requested are different than current active one (requested -> active):
  custom:container-demuxer-ogg: 62fdf1f143b41e24485cea50d1cbac27 -> 
  custom:video-codec-MediaFoundation-h265: 746d11721c4dcdbdad8f713fa42b33f4 -> 
  custom:video-decoder-ogg-theora: a1e56fd34408186e4bbccfd4996cb3dc -> 
  custom:framework-win-MediaFoundation: 216162199b28c13a410421893ffa2e32 -> 
  custom:CustomObjectIndexerAttribute: 9a22284fe3817be447336de3de66b15e -> 
  custom:container-demuxer-webm: 4f35f7cbe854078d1ac9338744f61a02 -> 
  custom:container-muxer-webm: aa71ff27fc2769a1b78a27578f13a17b -> 
  custom:video-decoder-webm-vp8: 9c59270c3fd7afecdb556c50c9e8de78 -> 
  custom:SearchIndexIgnoredProperties: e643bd26f0fe6173181afceb89e7c659 -> 
  custom:AudioImporter_EditorPlatform: d09bf68614088b80899f8185d706f6e7 -> 
  custom:video-encoder-webm-vp8: eb34c28f22e8b96e1ab97ce403110664 -> 
  custom:audio-decoder-ogg-vorbis: bf7c407c2cedff20999df2af8eb42d56 -> 
  custom:audio-encoder-webm-vorbis: bf7c407c2cedff20999df2af8eb42d56 -> 
========================================================================
Received Import Request.
  Time since last request: 1507716.032463 seconds.
  path: Assets/Map/Background/Dugeon_Door/dungeon_.png
  artifactKey: Guid(633119e850272f94785330ed67b309e8) Importer(815301076,1909f56bfc062723c751e8b465ee728b)
Start importing Assets/Map/Background/Dugeon_Door/dungeon_.png using Guid(633119e850272f94785330ed67b309e8) Importer(815301076,1909f56bfc062723c751e8b465ee728b) [PhysX] Initialized MultithreadedTaskDispatcher with 12 workers.
[PhysX] Initialized MultithreadedTaskDispatcher with 12 workers.
 -> (artifact id: 'b9c1e9992fd8e58946c2acaab8ca9cd3') in 0.096733 seconds
Number of updated asset objects reloaded before import = 0
Number of asset objects unloaded after import = 3
========================================================================
Received Import Request.
  Time since last request: 553.462877 seconds.
  path: Assets/Map/Background/Summer/summer__0.asset
  artifactKey: Guid(ece95e2445c3e9f4fb466bdabc9ad3fb) Importer(815301076,1909f56bfc062723c751e8b465ee728b)
Start importing Assets/Map/Background/Summer/summer__0.asset using Guid(ece95e2445c3e9f4fb466bdabc9ad3fb) Importer(815301076,1909f56bfc062723c751e8b465ee728b) [PhysX] Initialized MultithreadedTaskDispatcher with 12 workers.
 -> (artifact id: 'd2e41c0728b9718e70de0629544243a6') in 0.049115 seconds
Number of updated asset objects reloaded before import = 0
Number of asset objects unloaded after import = 3
========================================================================
Received Import Request.
  Time since last request: 0.000018 seconds.
  path: Assets/Map/Background/Summer/summer__33.asset
  artifactKey: Guid(ff4288355434ff34282829412f65c1fc) Importer(815301076,1909f56bfc062723c751e8b465ee728b)
Start importing Assets/Map/Background/Summer/summer__33.asset using Guid(ff4288355434ff34282829412f65c1fc) Importer(815301076,1909f56bfc062723c751e8b465ee728b) [PhysX] Initialized MultithreadedTaskDispatcher with 12 workers.
 -> (artifact id: '177d52eb556be061905750584f206e33') in 0.016429 seconds
Number of updated asset objects reloaded before import = 0
Number of asset objects unloaded after import = 3
========================================================================
Received Import Request.
  Time since last request: 0.000023 seconds.
  path: Assets/Map/Background/Summer/summer__22.asset
  artifactKey: Guid(33cada8a11e33e04590cf39af9c87b40) Importer(815301076,1909f56bfc062723c751e8b465ee728b)
Start importing Assets/Map/Background/Summer/summer__22.asset using Guid(33cada8a11e33e04590cf39af9c87b40) Importer(815301076,1909f56bfc062723c751e8b465ee728b) [PhysX] Initialized MultithreadedTaskDispatcher with 12 workers.
 -> (artifact id: '1de54491bb2b8b91a192d5d5744c88c2') in 0.015960 seconds
Number of updated asset objects reloaded before import = 0
Number of asset objects unloaded after import = 3
========================================================================
Received Import Request.
  Time since last request: 0.000028 seconds.
  path: Assets/Map/Background/Summer/summer__29.asset
  artifactKey: Guid(039cc7c4acaa5d2489a76a66da63feea) Importer(815301076,1909f56bfc062723c751e8b465ee728b)
Start importing Assets/Map/Background/Summer/summer__29.asset using Guid(039cc7c4acaa5d2489a76a66da63feea) Importer(815301076,1909f56bfc062723c751e8b465ee728b) [PhysX] Initialized MultithreadedTaskDispatcher with 12 workers.
 -> (artifact id: '6bd4678cba384e88b205dd9bfeece7aa') in 0.014048 seconds
Number of updated asset objects reloaded before import = 0
Number of asset objects unloaded after import = 3
========================================================================
Received Import Request.
  Time since last request: 0.000019 seconds.
  path: Assets/Map/Background/Summer/summer__37.asset
  artifactKey: Guid(c81b48d2bed020a4b9f46589bf3ad25d) Importer(815301076,1909f56bfc062723c751e8b465ee728b)
Start importing Assets/Map/Background/Summer/summer__37.asset using Guid(c81b48d2bed020a4b9f46589bf3ad25d) Importer(815301076,1909f56bfc062723c751e8b465ee728b) [PhysX] Initialized MultithreadedTaskDispatcher with 12 workers.
 -> (artifact id: '27013677ffedd5845882267190d7f437') in 0.013720 seconds
Number of updated asset objects reloaded before import = 0
Number of asset objects unloaded after import = 3
========================================================================
Received Import Request.
  Time since last request: 0.000023 seconds.
  path: Assets/Map/Background/Summer/summer__19.asset
  artifactKey: Guid(52214f4de789cd2469d9ea5cdb1ce258) Importer(815301076,1909f56bfc062723c751e8b465ee728b)
Start importing Assets/Map/Background/Summer/summer__19.asset using Guid(52214f4de789cd2469d9ea5cdb1ce258) Importer(815301076,1909f56bfc062723c751e8b465ee728b) [PhysX] Initialized MultithreadedTaskDispatcher with 12 workers.
 -> (artifact id: '4f0f689a1cdc0e5c221cc37846bfa7fc') in 0.015841 seconds
Number of updated asset objects reloaded before import = 0
Number of asset objects unloaded after import = 3
========================================================================
Received Import Request.
  Time since last request: 0.000024 seconds.
  path: Assets/Map/Background/Summer/summer__38.asset
  artifactKey: Guid(ee5badb09a9d07e4ca3d35050a00a8bc) Importer(815301076,1909f56bfc062723c751e8b465ee728b)
Start importing Assets/Map/Background/Summer/summer__38.asset using Guid(ee5badb09a9d07e4ca3d35050a00a8bc) Importer(815301076,1909f56bfc062723c751e8b465ee728b) [PhysX] Initialized MultithreadedTaskDispatcher with 12 workers.
 -> (artifact id: '9f8f216025796a85f8cef3009a3b907d') in 0.014030 seconds
Number of updated asset objects reloaded before import = 0
Number of asset objects unloaded after import = 3
========================================================================
Received Import Request.
  Time since last request: 0.000016 seconds.
  path: Assets/Map/Background/Summer/summer__13.asset
  artifactKey: Guid(193fdd3b66c62b445ae55bd408cf9466) Importer(815301076,1909f56bfc062723c751e8b465ee728b)
Start importing Assets/Map/Background/Summer/summer__13.asset using Guid(193fdd3b66c62b445ae55bd408cf9466) Importer(815301076,1909f56bfc062723c751e8b465ee728b) [PhysX] Initialized MultithreadedTaskDispatcher with 12 workers.
 -> (artifact id: '2069b481493f9b8dcbd4fd733da0da9d') in 0.012796 seconds
Number of updated asset objects reloaded before import = 0
Number of asset objects unloaded after import = 3
========================================================================
Received Import Request.
  Time since last request: 0.000029 seconds.
  path: Assets/Map/Background/Summer/summer__27.asset
  artifactKey: Guid(d1c08770412e0884eb13c61c119c92c6) Importer(815301076,1909f56bfc062723c751e8b465ee728b)
Start importing Assets/Map/Background/Summer/summer__27.asset using Guid(d1c08770412e0884eb13c61c119c92c6) Importer(815301076,1909f56bfc062723c751e8b465ee728b) [PhysX] Initialized MultithreadedTaskDispatcher with 12 workers.
 -> (artifact id: '94b5bb338eb4619782cb3714f4d056ef') in 0.016431 seconds
Number of updated asset objects reloaded before import = 0
Number of asset objects unloaded after import = 3
========================================================================
Received Import Request.
  Time since last request: 0.000036 seconds.
  path: Assets/Map/Background/Summer/summer__18.asset
  artifactKey: Guid(bd9b413a7a0830c429123c70251e5a38) Importer(815301076,1909f56bfc062723c751e8b465ee728b)
Start importing Assets/Map/Background/Summer/summer__18.asset using Guid(bd9b413a7a0830c429123c70251e5a38) Importer(815301076,1909f56bfc062723c751e8b465ee728b) [PhysX] Initialized MultithreadedTaskDispatcher with 12 workers.
 -> (artifact id: '725bbb526c8d7360068857ae10e4840c') in 0.016693 seconds
Number of updated asset objects reloaded before import = 0
Number of asset objects unloaded after import = 3
========================================================================
Received Import Request.
  Time since last request: 0.000024 seconds.
  path: Assets/Map/Background/Summer/summer__43.asset
  artifactKey: Guid(26e19c4116c16f14db8ac8c9c9fe198f) Importer(815301076,1909f56bfc062723c751e8b465ee728b)
Start importing Assets/Map/Background/Summer/summer__43.asset using Guid(26e19c4116c16f14db8ac8c9c9fe198f) Importer(815301076,1909f56bfc062723c751e8b465ee728b) [PhysX] Initialized MultithreadedTaskDispatcher with 12 workers.
 -> (artifact id: '7991504dd2a399ad422d54cb217aa5c9') in 0.014187 seconds
Number of updated asset objects reloaded before import = 0
Number of asset objects unloaded after import = 3
========================================================================
Received Import Request.
  Time since last request: 0.000022 seconds.
  path: Assets/Map/Background/Summer/summer__30.asset
  artifactKey: Guid(4ec69aedf2dac464b958be72a20f4fa7) Importer(815301076,1909f56bfc062723c751e8b465ee728b)
Start importing Assets/Map/Background/Summer/summer__30.asset using Guid(4ec69aedf2dac464b958be72a20f4fa7) Importer(815301076,1909f56bfc062723c751e8b465ee728b) [PhysX] Initialized MultithreadedTaskDispatcher with 12 workers.
 -> (artifact id: '7647cc3f72d24270280ad2f50c182e87') in 0.015098 seconds
Number of updated asset objects reloaded before import = 0
Number of asset objects unloaded after import = 3
========================================================================
Received Import Request.
  Time since last request: 0.000016 seconds.
  path: Assets/Map/Background/Summer/summer__6.asset
  artifactKey: Guid(06416c475ced9e3458f1e2ea344b9b35) Importer(815301076,1909f56bfc062723c751e8b465ee728b)
Start importing Assets/Map/Background/Summer/summer__6.asset using Guid(06416c475ced9e3458f1e2ea344b9b35) Importer(815301076,1909f56bfc062723c751e8b465ee728b) [PhysX] Initialized MultithreadedTaskDispatcher with 12 workers.
 -> (artifact id: '35fb493abae7122e41fa7038c74d01ae') in 0.017275 seconds
Number of updated asset objects reloaded before import = 0
Number of asset objects unloaded after import = 3
========================================================================
Received Import Request.
  Time since last request: 0.000021 seconds.
  path: Assets/Map/Background/Summer/summer__2.asset
  artifactKey: Guid(49c2264672010f642be4079ce101bf06) Importer(815301076,1909f56bfc062723c751e8b465ee728b)
Start importing Assets/Map/Background/Summer/summer__2.asset using Guid(49c2264672010f642be4079ce101bf06) Importer(815301076,1909f56bfc062723c751e8b465ee728b) [PhysX] Initialized MultithreadedTaskDispatcher with 12 workers.
 -> (artifact id: '20ec1e1bb82f13d6b1b217f595f786fb') in 0.015418 seconds
Number of updated asset objects reloaded before import = 0
Number of asset objects unloaded after import = 3
========================================================================
Received Import Request.
  Time since last request: 0.000017 seconds.
  path: Assets/Map/Background/Summer/summer__16.asset
  artifactKey: Guid(b50c43063ac231948a18d7c48da30572) Importer(815301076,1909f56bfc062723c751e8b465ee728b)
Start importing Assets/Map/Background/Summer/summer__16.asset using Guid(b50c43063ac231948a18d7c48da30572) Importer(815301076,1909f56bfc062723c751e8b465ee728b) [PhysX] Initialized MultithreadedTaskDispatcher with 12 workers.
 -> (artifact id: '7280260894a00e239bd97565e142dd2a') in 0.014305 seconds
Number of updated asset objects reloaded before import = 0
Number of asset objects unloaded after import = 3
========================================================================
Received Import Request.
  Time since last request: 0.000020 seconds.
  path: Assets/Map/Background/Summer/summer__3.asset
  artifactKey: Guid(01de9bb8f5671e04e8acb29138e74d3f) Importer(815301076,1909f56bfc062723c751e8b465ee728b)
Start importing Assets/Map/Background/Summer/summer__3.asset using Guid(01de9bb8f5671e04e8acb29138e74d3f) Importer(815301076,1909f56bfc062723c751e8b465ee728b) [PhysX] Initialized MultithreadedTaskDispatcher with 12 workers.
 -> (artifact id: '1203b98d1a3c8bbf63156e6fabed5307') in 0.014463 seconds
Number of updated asset objects reloaded before import = 0
Number of asset objects unloaded after import = 3
========================================================================
Received Import Request.
  Time since last request: 0.000023 seconds.
  path: Assets/Map/Background/Summer/summer__5.asset
  artifactKey: Guid(4c2185e29a1b030469c9b7f5a83501dd) Importer(815301076,1909f56bfc062723c751e8b465ee728b)
Start importing Assets/Map/Background/Summer/summer__5.asset using Guid(4c2185e29a1b030469c9b7f5a83501dd) Importer(815301076,1909f56bfc062723c751e8b465ee728b) [PhysX] Initialized MultithreadedTaskDispatcher with 12 workers.
 -> (artifact id: '979c882e9bb4dfbc77bc6b13aa467304') in 0.015814 seconds
Number of updated asset objects reloaded before import = 0
Number of asset objects unloaded after import = 3
========================================================================
Received Import Request.
  Time since last request: 0.000022 seconds.
  path: Assets/Map/Background/Summer/summer__10.asset
  artifactKey: Guid(950682ebfa5d23644873e897e70b5641) Importer(815301076,1909f56bfc062723c751e8b465ee728b)
Start importing Assets/Map/Background/Summer/summer__10.asset using Guid(950682ebfa5d23644873e897e70b5641) Importer(815301076,1909f56bfc062723c751e8b465ee728b) [PhysX] Initialized MultithreadedTaskDispatcher with 12 workers.
 -> (artifact id: '5d91fdce16505661b45b92c6d3b566ab') in 0.015211 seconds
Number of updated asset objects reloaded before import = 0
Number of asset objects unloaded after import = 3
========================================================================
Received Import Request.
  Time since last request: 0.000025 seconds.
  path: Assets/Map/Background/Summer/summer__1.asset
  artifactKey: Guid(092c9450cfabf6049984bfd564d7e768) Importer(815301076,1909f56bfc062723c751e8b465ee728b)
Start importing Assets/Map/Background/Summer/summer__1.asset using Guid(092c9450cfabf6049984bfd564d7e768) Importer(815301076,1909f56bfc062723c751e8b465ee728b) [PhysX] Initialized MultithreadedTaskDispatcher with 12 workers.
 -> (artifact id: 'dbee0519532d275b947453ebeaa6e3a5') in 0.014735 seconds
Number of updated asset objects reloaded before import = 0
Number of asset objects unloaded after import = 3
========================================================================
Received Import Request.
  Time since last request: 0.000026 seconds.
  path: Assets/Map/Background/Summer/summer__26.asset
  artifactKey: Guid(e478980d3f89b9a40829fe7d40ca840c) Importer(815301076,1909f56bfc062723c751e8b465ee728b)
Start importing Assets/Map/Background/Summer/summer__26.asset using Guid(e478980d3f89b9a40829fe7d40ca840c) Importer(815301076,1909f56bfc062723c751e8b465ee728b) [PhysX] Initialized MultithreadedTaskDispatcher with 12 workers.
 -> (artifact id: 'b212f92c5d0fe413d1f892dc75701fdf') in 0.014269 seconds
Number of updated asset objects reloaded before import = 0
Number of asset objects unloaded after import = 3
========================================================================
Received Import Request.
  Time since last request: 0.000029 seconds.
  path: Assets/Map/Background/Summer/summer__32.asset
  artifactKey: Guid(81727185d4cde4242965c6d4e83155ae) Importer(815301076,1909f56bfc062723c751e8b465ee728b)
Start importing Assets/Map/Background/Summer/summer__32.asset using Guid(81727185d4cde4242965c6d4e83155ae) Importer(815301076,1909f56bfc062723c751e8b465ee728b) [PhysX] Initialized MultithreadedTaskDispatcher with 12 workers.
 -> (artifact id: '5abed540e3219e72d86681ffd6b3ea48') in 0.015064 seconds
Number of updated asset objects reloaded before import = 0
Number of asset objects unloaded after import = 3
========================================================================
Received Import Request.
  Time since last request: 0.000025 seconds.
  path: Assets/Map/Background/Summer/summer__45.asset
  artifactKey: Guid(cad89efcb36a5dc4d9f549b7dddf621a) Importer(815301076,1909f56bfc062723c751e8b465ee728b)
Start importing Assets/Map/Background/Summer/summer__45.asset using Guid(cad89efcb36a5dc4d9f549b7dddf621a) Importer(815301076,1909f56bfc062723c751e8b465ee728b) [PhysX] Initialized MultithreadedTaskDispatcher with 12 workers.
 -> (artifact id: '98674edcc304f3f1b94ce89bc303c9b5') in 0.012267 seconds
Number of updated asset objects reloaded before import = 0
Number of asset objects unloaded after import = 3
========================================================================
Received Import Request.
  Time since last request: 0.000018 seconds.
  path: Assets/Map/Background/Summer/summer__39.asset
  artifactKey: Guid(2e1d87ce7afe9d74d96bb032218dc5e7) Importer(815301076,1909f56bfc062723c751e8b465ee728b)
Start importing Assets/Map/Background/Summer/summer__39.asset using Guid(2e1d87ce7afe9d74d96bb032218dc5e7) Importer(815301076,1909f56bfc062723c751e8b465ee728b) [PhysX] Initialized MultithreadedTaskDispatcher with 12 workers.
 -> (artifact id: 'aba0d8a36b037f2ad29972dd42ae020e') in 0.014657 seconds
Number of updated asset objects reloaded before import = 0
Number of asset objects unloaded after import = 3
========================================================================
Received Import Request.
  Time since last request: 0.000025 seconds.
  path: Assets/Map/Background/Summer/summer__34.asset
  artifactKey: Guid(595e44148e5e38040848c01938b10d5b) Importer(815301076,1909f56bfc062723c751e8b465ee728b)
Start importing Assets/Map/Background/Summer/summer__34.asset using Guid(595e44148e5e38040848c01938b10d5b) Importer(815301076,1909f56bfc062723c751e8b465ee728b) [PhysX] Initialized MultithreadedTaskDispatcher with 12 workers.
 -> (artifact id: '2cc21ee6266547caebc9a1161370c309') in 0.017650 seconds
Number of updated asset objects reloaded before import = 0
Number of asset objects unloaded after import = 3
========================================================================
Received Import Request.
  Time since last request: 0.000043 seconds.
  path: Assets/Map/Background/Summer/summer__28.asset
  artifactKey: Guid(a7b0e1eb320a99d4485dd418b3c1b040) Importer(815301076,1909f56bfc062723c751e8b465ee728b)
Start importing Assets/Map/Background/Summer/summer__28.asset using Guid(a7b0e1eb320a99d4485dd418b3c1b040) Importer(815301076,1909f56bfc062723c751e8b465ee728b) [PhysX] Initialized MultithreadedTaskDispatcher with 12 workers.
 -> (artifact id: 'b7b9490817a14ac3e75c9a7d45c48f31') in 0.016800 seconds
Number of updated asset objects reloaded before import = 0
Number of asset objects unloaded after import = 3
Editor requested this worker to shutdown with reason: Scaling down because of idle timeout
TcpMessagingSession - receive error: operation aborted. errorcode: 995, details: The I/O operation has been aborted because of either a thread exit or an application request.
AssetImportWorker is now disconnected from the server
Process exiting
Exiting without the bug reporter. Application will terminate with return code 0